[2026-02-11T21:45:56.884Z] [INFO] Server Running on Port: 5000
[2026-02-11T21:46:43.130Z] [INFO] Server Running on Port: 5000
[2026-02-11T21:51:52.160Z] [INFO] Server Running on Port: 5000
[2026-02-11T21:53:13.358Z] [INFO] Server Running on Port: 5000
[2026-02-11T21:54:41.876Z] [INFO] Server Running on Port: 5000
[2026-02-11T21:55:55.986Z] [INFO] Server Running on Port: 5000
[2026-02-11T21:56:25.007Z] [INFO] Server Running on Port: 5000
[2026-02-11T22:10:08.380Z] [INFO] Server Running on Port: 5000
[2026-02-11T22:11:47.797Z] [INFO] Server Running on Port: 5000
[2026-02-11T22:13:13.037Z] [INFO] Server Running on Port: 5000
[2026-02-11T22:18:06.621Z] [INFO] Server Running on Port: 5000
[2026-02-11T22:18:53.153Z] [INFO] [OWNER] Executing: ping
[2026-02-11T22:19:04.172Z] [INFO] [OWNER] Executing: ping
[2026-02-11T22:19:10.208Z] [INFO] [OWNER] Executing: menu
[2026-02-11T22:20:32.484Z] [INFO] [OWNER] Executing: play
[2026-02-11T22:23:33.340Z] [INFO] [OWNER] Executing: ping
[2026-02-11T22:23:39.418Z] [INFO] [OWNER] Executing: settings
[2026-02-11T22:27:25.988Z] [INFO] [OWNER] Executing: ping
[2026-02-11T22:27:42.493Z] [INFO] [OWNER] Executing: menu
[2026-02-11T22:34:08.553Z] [INFO] [OWNER] Executing: reboot
[2026-02-11T22:35:22.050Z] [INFO] Server Running on Port: 5000
[2026-02-11T22:35:30.446Z] [INFO] [OWNER] Executing: restart
[2026-02-11T22:35:49.432Z] [INFO] Server Running on Port: 5000
[2026-02-11T22:36:20.429Z] [INFO] [OWNER] Executing: ping
[2026-02-11T22:36:42.377Z] [INFO] [OWNER] Executing: menu
[2026-02-11T22:38:10.395Z] [INFO] [OWNER] Executing: menu
[2026-02-11T22:39:17.635Z] [INFO] [OWNER] Executing: reboot
[2026-02-11T22:39:26.516Z] [INFO] Server Running on Port: 5000
[2026-02-11T22:39:53.747Z] [INFO] [OWNER] Executing: ping
[2026-02-11T22:39:59.461Z] [INFO] [OWNER] Executing: reboot
[2026-02-11T22:42:22.344Z] [INFO] Server Running on Port: 5000
[2026-02-11T22:42:59.047Z] [INFO] [OWNER] Executing: del
[2026-02-11T22:43:01.066Z] [INFO] [OWNER] Executing: ping
[2026-02-11T22:43:17.103Z] [INFO] [OWNER] Executing: del
[2026-02-11T22:43:29.554Z] [INFO] [OWNER] Executing: del
[2026-02-11T22:43:34.757Z] [INFO] [OWNER] Executing: del
[2026-02-11T22:43:43.885Z] [INFO] [OWNER] Executing: del
[2026-02-11T22:43:46.372Z] [INFO] [OWNER] Executing: del
[2026-02-11T22:44:50.016Z] [INFO] [OWNER] Executing: ping
[2026-02-11T22:45:16.882Z] [INFO] [OWNER] Executing: menu
[2026-02-11T22:46:21.173Z] [INFO] [OWNER] Executing: wagroup
[2026-02-11T22:46:32.657Z] [INFO] [OWNER] Executing: wagroup
[2026-02-11T22:47:24.023Z] [INFO] [OWNER] Executing: porn
[2026-02-11T22:47:28.849Z] [INFO] [OWNER] Executing: ping
[2026-02-11T22:48:01.639Z] [INFO] [OWNER] Executing: porn
[2026-02-11T22:48:32.729Z] [INFO] [OWNER] Executing: hentaivid
[2026-02-11T22:49:43.494Z] [INFO] [OWNER] Executing: reboot
[2026-02-11T22:50:23.031Z] [INFO] Server Running on Port: 5000
[2026-02-11T22:51:20.614Z] [INFO] [OWNER] Executing: menu
[2026-02-11T22:51:20.620Z] [INFO] [OWNER] Executing: ping
[2026-02-11T23:02:52.509Z] [INFO] Server Running on Port: 5000
[2026-02-11T23:03:19.011Z] [INFO] [OWNER] Executing: menu
[2026-02-11T23:03:20.712Z] [INFO] [OWNER] Executing: ping
[2026-02-11T23:03:23.445Z] [INFO] [OWNER] Executing: menu
[2026-02-11T23:07:45.116Z] [INFO] Server Running on Port: 5000
[2026-02-11T23:08:16.925Z] [INFO] [OWNER] Executing: menu
[2026-02-11T23:08:18.576Z] [INFO] [OWNER] Executing: ping
[2026-02-11T23:11:45.162Z] [INFO] [OWNER] Executing: ping
