[2026-02-16T21:47:29.192Z] [INFO] Executing: ping from User
[2026-02-16T21:47:42.325Z] [INFO] Executing: menu from Ecnord
[2026-02-16T21:48:59.807Z] [INFO] Executing: play from Ecnord
[2026-02-16T21:50:06.979Z] [INFO] Executing: listtemplates from Ecnord
[2026-02-16T21:50:47.304Z] [INFO] Executing: loadtemplate from Ecnord
[2026-02-16T21:51:44.032Z] [INFO] Executing: sticker from Ecnord
[2026-02-16T21:53:01.360Z] [INFO] Executing: sticker from Ecnord
[2026-02-16T21:53:54.982Z] [INFO] Executing: sticker from Ecnord
[2026-02-16T21:54:27.575Z] [INFO] Executing: jid from Ecnord
[2026-02-16T21:55:47.643Z] [INFO] Executing: foe from Ecnord
[2026-02-16T21:55:59.587Z] [INFO] Executing: banter from Ecnord
[2026-02-16T21:57:12.038Z] [INFO] Executing: campaignhelp from Ecnord
[2026-02-16T22:01:37.423Z] [INFO] Executing: vv from Ecnord
[2026-02-16T22:02:02.515Z] [INFO] Executing: vv from Ecnord
[2026-02-16T22:02:54.246Z] [INFO] Executing: vv from Ecnord
[2026-02-16T22:03:07.444Z] [INFO] Executing: menu from Ecnord
[2026-02-16T22:03:45.351Z] [INFO] Executing: graffiti from Ecnord
[2026-02-16T22:04:39.482Z] [INFO] Executing: glitch from Ecnord
[2026-02-16T22:05:20.252Z] [INFO] Executing: sepia from Ecnord
[2026-02-16T22:05:42.086Z] [INFO] Executing: shredder from Ecnord
