[2026-02-17T00:11:24.628Z] [SUCCESS] Bot settings loaded from database
[2026-02-17T00:11:26.463Z] [SUCCESS] Plugin Files Loaded
[2026-02-17T00:11:36.910Z] [SUCCESS] Bot settings loaded from database
[2026-02-17T00:11:37.583Z] [SUCCESS] Plugin Files Loaded
[2026-02-17T00:11:40.119Z] [SUCCESS] ✅ KIUBY-XMD is active, enjoy 😀
[2026-02-17T00:11:45.126Z] [SUCCESS] 🗿KIUBY-XMD is connected to Whatsapp and active💥
[2026-02-17T00:24:07.898Z] [SUCCESS] Bot settings loaded from database
[2026-02-17T00:24:09.182Z] [SUCCESS] Plugin Files Loaded
[2026-02-17T00:24:11.246Z] [SUCCESS] ✅ KIUBY-XMD is active, enjoy 😀
[2026-02-17T00:24:16.251Z] [SUCCESS] 🗿KIUBY-XMD is connected to Whatsapp and active💥
[2026-02-17T00:28:24.665Z] [SUCCESS] Bot settings loaded from database
[2026-02-17T00:28:25.651Z] [SUCCESS] Plugin Files Loaded
[2026-02-17T00:28:26.949Z] [SUCCESS] ✅ KIUBY-XMD is active, enjoy 😀
[2026-02-17T00:28:31.951Z] [SUCCESS] 🗿KIUBY-XMD is connected to Whatsapp and active💥
[2026-02-17T00:29:51.838Z] [SUCCESS] Command ping executed successfully
[2026-02-17T00:30:11.622Z] [SUCCESS] Command menu executed successfully
[2026-02-17T00:31:14.666Z] [SUCCESS] Command autoscan executed successfully
[2026-02-17T00:31:40.623Z] [SUCCESS] Command campaignstart executed successfully
[2026-02-17T00:35:10.542Z] [SUCCESS] Command play executed successfully
[2026-02-17T00:42:15.376Z] [SUCCESS] Command campaignhelp executed successfully
[2026-02-17T00:43:35.451Z] [SUCCESS] Command sticker executed successfully
[2026-02-17T00:46:14.236Z] [SUCCESS] Command listtemplates executed successfully
[2026-02-17T00:47:03.479Z] [SUCCESS] Command counter executed successfully
[2026-02-17T00:48:02.950Z] [SUCCESS] Command loadtemplate executed successfully
[2026-02-17T00:48:14.669Z] [SUCCESS] Command settings executed successfully
[2026-02-17T00:48:33.999Z] [SUCCESS] Command menu executed successfully
[2026-02-17T00:53:53.271Z] [SUCCESS] Bot settings loaded from database
[2026-02-17T00:53:55.257Z] [SUCCESS] Plugin Files Loaded
[2026-02-17T00:53:57.231Z] [SUCCESS] ✅ KIUBY-XMD is active, enjoy 😀
[2026-02-17T00:54:02.242Z] [SUCCESS] 🗿KIUBY-XMD is connected to Whatsapp and active💥
[2026-02-17T00:54:49.030Z] [SUCCESS] Bot settings loaded from database
[2026-02-17T00:54:51.201Z] [SUCCESS] Plugin Files Loaded
[2026-02-17T00:54:51.782Z] [SUCCESS] Command menu executed successfully
[2026-02-17T00:55:07.538Z] [SUCCESS] Bot settings loaded from database
[2026-02-17T00:55:08.091Z] [SUCCESS] Plugin Files Loaded
[2026-02-17T00:55:18.680Z] [SUCCESS] Bot settings loaded from database
[2026-02-17T00:55:19.097Z] [SUCCESS] Plugin Files Loaded
[2026-02-17T00:55:28.072Z] [SUCCESS] Command menu executed successfully
[2026-02-17T00:55:31.696Z] [SUCCESS] Bot settings loaded from database
[2026-02-17T00:55:32.344Z] [SUCCESS] Plugin Files Loaded
[2026-02-17T00:55:33.786Z] [SUCCESS] ✅ KIUBY-XMD is active, enjoy 😀
[2026-02-17T00:55:38.796Z] [SUCCESS] 🗿KIUBY-XMD is connected to Whatsapp and active💥
[2026-02-17T00:55:48.384Z] [SUCCESS] Bot settings loaded from database
[2026-02-17T00:55:49.061Z] [SUCCESS] Plugin Files Loaded
[2026-02-17T00:55:50.579Z] [SUCCESS] ✅ KIUBY-XMD is active, enjoy 😀
[2026-02-17T00:55:55.586Z] [SUCCESS] 🗿KIUBY-XMD is connected to Whatsapp and active💥
[2026-02-17T00:55:58.024Z] [SUCCESS] Bot settings loaded from database
[2026-02-17T00:55:58.733Z] [SUCCESS] Plugin Files Loaded
[2026-02-17T00:56:00.171Z] [SUCCESS] ✅ KIUBY-XMD is active, enjoy 😀
[2026-02-17T00:56:05.062Z] [SUCCESS] Bot settings loaded from database
[2026-02-17T00:56:05.184Z] [SUCCESS] 🗿KIUBY-XMD is connected to Whatsapp and active💥
[2026-02-17T00:56:05.812Z] [SUCCESS] Plugin Files Loaded
[2026-02-17T00:56:07.626Z] [SUCCESS] ✅ KIUBY-XMD is active, enjoy 😀
[2026-02-17T00:56:12.639Z] [SUCCESS] 🗿KIUBY-XMD is connected to Whatsapp and active💥
[2026-02-17T00:56:14.714Z] [SUCCESS] Bot settings loaded from database
[2026-02-17T00:56:15.541Z] [SUCCESS] Plugin Files Loaded
[2026-02-17T00:56:17.313Z] [SUCCESS] ✅ KIUBY-XMD is active, enjoy 😀
[2026-02-17T00:56:22.172Z] [SUCCESS] Bot settings loaded from database
[2026-02-17T00:56:22.332Z] [SUCCESS] 🗿KIUBY-XMD is connected to Whatsapp and active💥
[2026-02-17T00:56:22.842Z] [SUCCESS] Plugin Files Loaded
[2026-02-17T00:56:24.803Z] [SUCCESS] ✅ KIUBY-XMD is active, enjoy 😀
[2026-02-17T00:56:29.807Z] [SUCCESS] 🗿KIUBY-XMD is connected to Whatsapp and active💥
[2026-02-17T00:56:31.771Z] [SUCCESS] Bot settings loaded from database
[2026-02-17T00:56:32.934Z] [SUCCESS] Plugin Files Loaded
[2026-02-17T00:56:39.262Z] [SUCCESS] Bot settings loaded from database
[2026-02-17T00:56:40.830Z] [SUCCESS] Plugin Files Loaded
[2026-02-17T00:56:43.736Z] [SUCCESS] Bot settings loaded from database
[2026-02-17T00:56:44.052Z] [SUCCESS] Plugin Files Loaded
[2026-02-17T00:56:51.221Z] [SUCCESS] Bot settings loaded from database
[2026-02-17T00:56:52.134Z] [SUCCESS] Plugin Files Loaded
[2026-02-17T00:56:55.793Z] [SUCCESS] ✅ KIUBY-XMD is active, enjoy 😀
[2026-02-17T00:57:00.798Z] [SUCCESS] 🗿KIUBY-XMD is connected to Whatsapp and active💥
[2026-02-17T00:57:00.935Z] [SUCCESS] Bot settings loaded from database
[2026-02-17T00:57:02.229Z] [SUCCESS] Plugin Files Loaded
[2026-02-17T00:57:04.195Z] [SUCCESS] ✅ KIUBY-XMD is active, enjoy 😀
[2026-02-17T00:57:08.832Z] [SUCCESS] Bot settings loaded from database
[2026-02-17T00:57:09.198Z] [SUCCESS] 🗿KIUBY-XMD is connected to Whatsapp and active💥
[2026-02-17T00:57:09.474Z] [SUCCESS] Plugin Files Loaded
[2026-02-17T00:57:11.061Z] [SUCCESS] ✅ KIUBY-XMD is active, enjoy 😀
[2026-02-17T00:57:16.065Z] [SUCCESS] 🗿KIUBY-XMD is connected to Whatsapp and active💥
[2026-02-17T00:57:18.715Z] [SUCCESS] Bot settings loaded from database
[2026-02-17T00:57:19.123Z] [SUCCESS] Plugin Files Loaded
[2026-02-17T00:57:25.599Z] [SUCCESS] Bot settings loaded from database
[2026-02-17T00:57:26.316Z] [SUCCESS] Plugin Files Loaded
[2026-02-17T00:57:27.828Z] [SUCCESS] ✅ KIUBY-XMD is active, enjoy 😀
[2026-02-17T00:57:32.699Z] [SUCCESS] Bot settings loaded from database
[2026-02-17T00:57:32.832Z] [SUCCESS] 🗿KIUBY-XMD is connected to Whatsapp and active💥
[2026-02-17T00:57:33.272Z] [SUCCESS] Plugin Files Loaded
[2026-02-17T00:57:34.706Z] [SUCCESS] ✅ KIUBY-XMD is active, enjoy 😀
[2026-02-17T00:57:39.710Z] [SUCCESS] 🗿KIUBY-XMD is connected to Whatsapp and active💥
[2026-02-17T00:57:42.430Z] [SUCCESS] Bot settings loaded from database
[2026-02-17T00:57:42.836Z] [SUCCESS] Plugin Files Loaded
[2026-02-17T00:57:49.353Z] [SUCCESS] Bot settings loaded from database
[2026-02-17T00:57:50.018Z] [SUCCESS] Plugin Files Loaded
[2026-02-17T00:57:52.078Z] [SUCCESS] ✅ KIUBY-XMD is active, enjoy 😀
[2026-02-17T00:57:57.084Z] [SUCCESS] 🗿KIUBY-XMD is connected to Whatsapp and active💥
[2026-02-17T00:57:58.895Z] [SUCCESS] Bot settings loaded from database
[2026-02-17T00:57:59.810Z] [SUCCESS] Plugin Files Loaded
[2026-02-17T00:58:01.312Z] [SUCCESS] ✅ KIUBY-XMD is active, enjoy 😀
[2026-02-17T00:58:06.316Z] [SUCCESS] 🗿KIUBY-XMD is connected to Whatsapp and active💥
[2026-02-17T00:58:06.376Z] [SUCCESS] Bot settings loaded from database
[2026-02-17T00:58:06.995Z] [SUCCESS] Plugin Files Loaded
[2026-02-17T00:58:08.729Z] [SUCCESS] ✅ KIUBY-XMD is active, enjoy 😀
[2026-02-17T00:58:13.732Z] [SUCCESS] 🗿KIUBY-XMD is connected to Whatsapp and active💥
[2026-02-17T00:58:16.111Z] [SUCCESS] Bot settings loaded from database
[2026-02-17T00:58:16.843Z] [SUCCESS] Plugin Files Loaded
[2026-02-17T00:58:18.742Z] [SUCCESS] ✅ KIUBY-XMD is active, enjoy 😀
[2026-02-17T00:58:22.970Z] [SUCCESS] Bot settings loaded from database
[2026-02-17T00:58:23.547Z] [SUCCESS] Plugin Files Loaded
[2026-02-17T00:58:23.743Z] [SUCCESS] 🗿KIUBY-XMD is connected to Whatsapp and active💥
[2026-02-17T00:58:25.141Z] [SUCCESS] ✅ KIUBY-XMD is active, enjoy 😀
[2026-02-17T00:58:30.160Z] [SUCCESS] 🗿KIUBY-XMD is connected to Whatsapp and active💥
[2026-02-17T00:58:33.397Z] [SUCCESS] Bot settings loaded from database
[2026-02-17T00:58:34.318Z] [SUCCESS] Plugin Files Loaded
[2026-02-17T00:58:36.181Z] [SUCCESS] ✅ KIUBY-XMD is active, enjoy 😀
[2026-02-17T00:58:39.606Z] [SUCCESS] Bot settings loaded from database
[2026-02-17T00:58:40.306Z] [SUCCESS] Plugin Files Loaded
[2026-02-17T00:58:41.187Z] [SUCCESS] 🗿KIUBY-XMD is connected to Whatsapp and active💥
[2026-02-17T00:58:41.672Z] [SUCCESS] ✅ KIUBY-XMD is active, enjoy 😀
[2026-02-17T00:58:46.675Z] [SUCCESS] 🗿KIUBY-XMD is connected to Whatsapp and active💥
[2026-02-17T00:58:50.623Z] [SUCCESS] Bot settings loaded from database
[2026-02-17T00:58:51.768Z] [SUCCESS] Plugin Files Loaded
[2026-02-17T00:58:56.293Z] [SUCCESS] Bot settings loaded from database
[2026-02-17T00:58:56.994Z] [SUCCESS] Plugin Files Loaded
[2026-02-17T00:58:58.727Z] [SUCCESS] ✅ KIUBY-XMD is active, enjoy 😀
[2026-02-17T00:59:02.674Z] [SUCCESS] Bot settings loaded from database
[2026-02-17T00:59:03.294Z] [SUCCESS] Plugin Files Loaded
[2026-02-17T00:59:03.733Z] [SUCCESS] 🗿KIUBY-XMD is connected to Whatsapp and active💥
[2026-02-17T00:59:05.227Z] [SUCCESS] ✅ KIUBY-XMD is active, enjoy 😀
[2026-02-17T00:59:10.232Z] [SUCCESS] 🗿KIUBY-XMD is connected to Whatsapp and active💥
[2026-02-17T00:59:13.267Z] [SUCCESS] Bot settings loaded from database
[2026-02-17T00:59:13.590Z] [SUCCESS] Plugin Files Loaded
[2026-02-17T00:59:19.586Z] [SUCCESS] Bot settings loaded from database
[2026-02-17T00:59:20.560Z] [SUCCESS] Plugin Files Loaded
[2026-02-17T00:59:29.324Z] [SUCCESS] Bot settings loaded from database
[2026-02-17T00:59:29.730Z] [SUCCESS] Plugin Files Loaded
[2026-02-17T00:59:31.284Z] [SUCCESS] Bot settings loaded from database
[2026-02-17T00:59:31.864Z] [SUCCESS] Plugin Files Loaded
[2026-02-17T00:59:42.404Z] [SUCCESS] Bot settings loaded from database
[2026-02-17T00:59:42.843Z] [SUCCESS] Plugin Files Loaded
[2026-02-17T00:59:45.363Z] [SUCCESS] Bot settings loaded from database
[2026-02-17T00:59:46.073Z] [SUCCESS] Plugin Files Loaded
[2026-02-17T00:59:53.596Z] [SUCCESS] Bot settings loaded from database
[2026-02-17T00:59:54.328Z] [SUCCESS] Plugin Files Loaded
[2026-02-17T00:59:56.239Z] [SUCCESS] ✅ KIUBY-XMD is active, enjoy 😀
[2026-02-17T01:00:01.248Z] [SUCCESS] 🗿KIUBY-XMD is connected to Whatsapp and active💥
[2026-02-17T01:00:01.963Z] [SUCCESS] Bot settings loaded from database
[2026-02-17T01:00:02.537Z] [SUCCESS] Plugin Files Loaded
[2026-02-17T01:00:02.539Z] [SUCCESS] Bot settings loaded from database
[2026-02-17T01:00:02.764Z] [SUCCESS] Plugin Files Loaded
[2026-02-17T01:00:10.661Z] [SUCCESS] Bot settings loaded from database
[2026-02-17T01:00:11.525Z] [SUCCESS] Plugin Files Loaded
[2026-02-17T01:00:18.927Z] [SUCCESS] Bot settings loaded from database
[2026-02-17T01:00:19.019Z] [SUCCESS] Bot settings loaded from database
[2026-02-17T01:00:19.499Z] [SUCCESS] Plugin Files Loaded
[2026-02-17T01:00:19.674Z] [SUCCESS] Plugin Files Loaded
[2026-02-17T01:00:21.627Z] [SUCCESS] ✅ KIUBY-XMD is active, enjoy 😀
[2026-02-17T01:00:24.012Z] [SUCCESS] Bot settings loaded from database
[2026-02-17T01:00:24.275Z] [SUCCESS] Plugin Files Loaded
[2026-02-17T01:00:25.828Z] [SUCCESS] ✅ KIUBY-XMD is active, enjoy 😀
[2026-02-17T01:00:26.642Z] [SUCCESS] 🗿KIUBY-XMD is connected to Whatsapp and active💥
[2026-02-17T01:00:30.839Z] [SUCCESS] 🗿KIUBY-XMD is connected to Whatsapp and active💥
[2026-02-17T01:00:35.855Z] [SUCCESS] Bot settings loaded from database
[2026-02-17T01:00:36.624Z] [SUCCESS] Plugin Files Loaded
[2026-02-17T01:00:36.871Z] [SUCCESS] Bot settings loaded from database
[2026-02-17T01:00:37.497Z] [SUCCESS] Plugin Files Loaded
[2026-02-17T01:00:38.076Z] [SUCCESS] ✅ KIUBY-XMD is active, enjoy 😀
[2026-02-17T01:00:38.853Z] [SUCCESS] ✅ KIUBY-XMD is active, enjoy 😀
[2026-02-17T01:00:40.492Z] [SUCCESS] Bot settings loaded from database
[2026-02-17T01:00:40.720Z] [SUCCESS] Plugin Files Loaded
[2026-02-17T01:00:42.162Z] [SUCCESS] ✅ KIUBY-XMD is active, enjoy 😀
[2026-02-17T01:00:43.082Z] [SUCCESS] 🗿KIUBY-XMD is connected to Whatsapp and active💥
[2026-02-17T01:00:43.855Z] [SUCCESS] 🗿KIUBY-XMD is connected to Whatsapp and active💥
[2026-02-17T01:00:47.171Z] [SUCCESS] 🗿KIUBY-XMD is connected to Whatsapp and active💥
[2026-02-17T01:00:52.769Z] [SUCCESS] Bot settings loaded from database
[2026-02-17T01:00:53.506Z] [SUCCESS] Bot settings loaded from database
[2026-02-17T01:00:53.592Z] [SUCCESS] Plugin Files Loaded
[2026-02-17T01:00:54.278Z] [SUCCESS] Plugin Files Loaded
[2026-02-17T01:00:56.075Z] [SUCCESS] ✅ KIUBY-XMD is active, enjoy 😀
[2026-02-17T01:01:01.085Z] [SUCCESS] 🗿KIUBY-XMD is connected to Whatsapp and active💥
[2026-02-17T01:01:01.790Z] [SUCCESS] Bot settings loaded from database
[2026-02-17T01:01:02.447Z] [SUCCESS] Plugin Files Loaded
[2026-02-17T01:01:04.338Z] [SUCCESS] ✅ KIUBY-XMD is active, enjoy 😀
[2026-02-17T01:01:08.875Z] [SUCCESS] Bot settings loaded from database
[2026-02-17T01:01:09.368Z] [SUCCESS] 🗿KIUBY-XMD is connected to Whatsapp and active💥
[2026-02-17T01:01:09.487Z] [SUCCESS] Plugin Files Loaded
[2026-02-17T01:01:10.355Z] [SUCCESS] Bot settings loaded from database
[2026-02-17T01:01:10.598Z] [SUCCESS] Plugin Files Loaded
[2026-02-17T01:01:10.897Z] [SUCCESS] ✅ KIUBY-XMD is active, enjoy 😀
[2026-02-17T01:01:12.516Z] [SUCCESS] ✅ KIUBY-XMD is active, enjoy 😀
[2026-02-17T01:01:15.617Z] [SUCCESS] Bot settings loaded from database
[2026-02-17T01:01:15.902Z] [SUCCESS] 🗿KIUBY-XMD is connected to Whatsapp and active💥
[2026-02-17T01:01:16.933Z] [SUCCESS] Plugin Files Loaded
[2026-02-17T01:01:17.519Z] [SUCCESS] 🗿KIUBY-XMD is connected to Whatsapp and active💥
[2026-02-17T01:01:18.986Z] [SUCCESS] Bot settings loaded from database
[2026-02-17T01:01:19.313Z] [SUCCESS] Plugin Files Loaded
[2026-02-17T01:01:25.543Z] [SUCCESS] Bot settings loaded from database
[2026-02-17T01:01:25.581Z] [SUCCESS] Bot settings loaded from database
[2026-02-17T01:01:26.374Z] [SUCCESS] Plugin Files Loaded
[2026-02-17T01:01:26.383Z] [SUCCESS] Plugin Files Loaded
[2026-02-17T01:01:28.023Z] [SUCCESS] ✅ KIUBY-XMD is active, enjoy 😀
[2026-02-17T01:01:30.932Z] [SUCCESS] Bot settings loaded from database
[2026-02-17T01:01:31.219Z] [SUCCESS] Plugin Files Loaded
[2026-02-17T01:01:32.097Z] [SUCCESS] Bot settings loaded from database
[2026-02-17T01:01:32.954Z] [SUCCESS] ✅ KIUBY-XMD is active, enjoy 😀
[2026-02-17T01:01:33.024Z] [SUCCESS] Plugin Files Loaded
[2026-02-17T01:01:33.027Z] [SUCCESS] 🗿KIUBY-XMD is connected to Whatsapp and active💥
[2026-02-17T01:01:37.300Z] [SUCCESS] Bot settings loaded from database
[2026-02-17T01:01:37.834Z] [SUCCESS] Plugin Files Loaded
[2026-02-17T01:01:37.963Z] [SUCCESS] 🗿KIUBY-XMD is connected to Whatsapp and active💥
[2026-02-17T01:01:40.466Z] [SUCCESS] ✅ KIUBY-XMD is active, enjoy 😀
[2026-02-17T01:01:42.569Z] [SUCCESS] Bot settings loaded from database
[2026-02-17T01:01:42.767Z] [SUCCESS] Bot settings loaded from database
[2026-02-17T01:01:42.830Z] [SUCCESS] Plugin Files Loaded
[2026-02-17T01:01:43.341Z] [SUCCESS] Plugin Files Loaded
[2026-02-17T01:01:44.700Z] [SUCCESS] ✅ KIUBY-XMD is active, enjoy 😀
[2026-02-17T01:01:45.470Z] [SUCCESS] 🗿KIUBY-XMD is connected to Whatsapp and active💥
[2026-02-17T01:01:47.417Z] [SUCCESS] Bot settings loaded from database
[2026-02-17T01:01:48.046Z] [SUCCESS] Plugin Files Loaded
[2026-02-17T01:01:49.709Z] [SUCCESS] 🗿KIUBY-XMD is connected to Whatsapp and active💥
[2026-02-17T01:01:49.933Z] [SUCCESS] ✅ KIUBY-XMD is active, enjoy 😀
[2026-02-17T01:01:54.938Z] [SUCCESS] 🗿KIUBY-XMD is connected to Whatsapp and active💥
[2026-02-17T01:01:55.079Z] [SUCCESS] Bot settings loaded from database
[2026-02-17T01:01:55.818Z] [SUCCESS] Plugin Files Loaded
[2026-02-17T01:01:57.764Z] [SUCCESS] ✅ KIUBY-XMD is active, enjoy 😀
[2026-02-17T01:01:58.936Z] [SUCCESS] Bot settings loaded from database
[2026-02-17T01:02:00.110Z] [SUCCESS] Plugin Files Loaded
[2026-02-17T01:02:00.570Z] [SUCCESS] Bot settings loaded from database
[2026-02-17T01:02:01.929Z] [SUCCESS] Plugin Files Loaded
[2026-02-17T01:02:02.772Z] [SUCCESS] 🗿KIUBY-XMD is connected to Whatsapp and active💥
[2026-02-17T01:02:04.329Z] [SUCCESS] Bot settings loaded from database
[2026-02-17T01:02:05.300Z] [SUCCESS] Plugin Files Loaded
[2026-02-17T01:02:10.768Z] [SUCCESS] ✅ KIUBY-XMD is active, enjoy 😀
[2026-02-17T01:02:11.584Z] [SUCCESS] Bot settings loaded from database
[2026-02-17T01:02:12.162Z] [SUCCESS] Bot settings loaded from database
[2026-02-17T01:02:12.684Z] [SUCCESS] Plugin Files Loaded
[2026-02-17T01:02:12.939Z] [SUCCESS] Plugin Files Loaded
[2026-02-17T01:02:15.382Z] [SUCCESS] ✅ KIUBY-XMD is active, enjoy 😀
[2026-02-17T01:02:15.770Z] [SUCCESS] 🗿KIUBY-XMD is connected to Whatsapp and active💥
[2026-02-17T01:02:19.597Z] [SUCCESS] Bot settings loaded from database
[2026-02-17T01:02:20.125Z] [SUCCESS] Bot settings loaded from database
[2026-02-17T01:02:20.296Z] [SUCCESS] Plugin Files Loaded
[2026-02-17T01:02:20.394Z] [SUCCESS] 🗿KIUBY-XMD is connected to Whatsapp and active💥
[2026-02-17T01:02:21.569Z] [SUCCESS] Plugin Files Loaded
[2026-02-17T01:02:23.895Z] [SUCCESS] ✅ KIUBY-XMD is active, enjoy 😀
[2026-02-17T01:02:25.079Z] [SUCCESS] Bot settings loaded from database
[2026-02-17T01:02:28.049Z] [SUCCESS] Plugin Files Loaded
[2026-02-17T01:02:28.578Z] [SUCCESS] ✅ KIUBY-XMD is active, enjoy 😀
[2026-02-17T01:02:28.904Z] [SUCCESS] 🗿KIUBY-XMD is connected to Whatsapp and active💥
[2026-02-17T01:02:29.611Z] [SUCCESS] Bot settings loaded from database
[2026-02-17T01:02:30.560Z] [SUCCESS] Plugin Files Loaded
[2026-02-17T01:02:33.586Z] [SUCCESS] 🗿KIUBY-XMD is connected to Whatsapp and active💥
[2026-02-17T01:02:34.703Z] [SUCCESS] Bot settings loaded from database
[2026-02-17T01:02:34.937Z] [SUCCESS] Plugin Files Loaded
[2026-02-17T01:02:36.459Z] [SUCCESS] ✅ KIUBY-XMD is active, enjoy 😀
[2026-02-17T01:02:36.905Z] [SUCCESS] Bot settings loaded from database
[2026-02-17T01:02:37.706Z] [SUCCESS] Plugin Files Loaded
[2026-02-17T01:02:41.161Z] [SUCCESS] Bot settings loaded from database
[2026-02-17T01:02:41.466Z] [SUCCESS] 🗿KIUBY-XMD is connected to Whatsapp and active💥
[2026-02-17T01:02:42.854Z] [SUCCESS] Bot settings loaded from database
[2026-02-17T01:02:43.199Z] [SUCCESS] Plugin Files Loaded
[2026-02-17T01:02:43.854Z] [SUCCESS] Bot settings loaded from database
[2026-02-17T01:02:44.093Z] [SUCCESS] Plugin Files Loaded
[2026-02-17T01:02:44.803Z] [SUCCESS] Plugin Files Loaded
[2026-02-17T01:02:45.792Z] [SUCCESS] ✅ KIUBY-XMD is active, enjoy 😀
[2026-02-17T01:02:46.874Z] [SUCCESS] ✅ KIUBY-XMD is active, enjoy 😀
[2026-02-17T01:02:49.140Z] [SUCCESS] Bot settings loaded from database
[2026-02-17T01:02:49.963Z] [SUCCESS] Plugin Files Loaded
[2026-02-17T01:02:50.794Z] [SUCCESS] 🗿KIUBY-XMD is connected to Whatsapp and active💥
[2026-02-17T01:02:51.016Z] [SUCCESS] Bot settings loaded from database
[2026-02-17T01:02:51.045Z] [SUCCESS] Bot settings loaded from database
[2026-02-17T01:02:51.308Z] [SUCCESS] Plugin Files Loaded
[2026-02-17T01:02:51.457Z] [SUCCESS] Plugin Files Loaded
[2026-02-17T01:02:51.633Z] [SUCCESS] ✅ KIUBY-XMD is active, enjoy 😀
[2026-02-17T01:02:51.896Z] [SUCCESS] 🗿KIUBY-XMD is connected to Whatsapp and active💥
[2026-02-17T01:02:56.637Z] [SUCCESS] 🗿KIUBY-XMD is connected to Whatsapp and active💥
[2026-02-17T01:02:57.349Z] [SUCCESS] Bot settings loaded from database
[2026-02-17T01:02:58.008Z] [SUCCESS] Plugin Files Loaded
[2026-02-17T01:03:01.584Z] [SUCCESS] ✅ KIUBY-XMD is active, enjoy 😀
[2026-02-17T01:03:02.222Z] [SUCCESS] Bot settings loaded from database
[2026-02-17T01:03:02.889Z] [SUCCESS] Plugin Files Loaded
[2026-02-17T01:03:04.317Z] [SUCCESS] ✅ KIUBY-XMD is active, enjoy 😀
[2026-02-17T01:03:05.356Z] [SUCCESS] Bot settings loaded from database
[2026-02-17T01:03:06.140Z] [SUCCESS] Plugin Files Loaded
[2026-02-17T01:03:06.586Z] [SUCCESS] 🗿KIUBY-XMD is connected to Whatsapp and active💥
[2026-02-17T01:03:09.321Z] [SUCCESS] 🗿KIUBY-XMD is connected to Whatsapp and active💥
[2026-02-17T01:03:11.221Z] [SUCCESS] Bot settings loaded from database
[2026-02-17T01:03:15.088Z] [SUCCESS] Bot settings loaded from database
[2026-02-17T01:03:15.997Z] [SUCCESS] Bot settings loaded from database
[2026-02-17T01:03:17.491Z] [SUCCESS] Plugin Files Loaded
[2026-02-17T01:03:19.581Z] [SUCCESS] Bot settings loaded from database
[2026-02-17T01:03:21.270Z] [SUCCESS] Plugin Files Loaded
[2026-02-17T01:03:23.437Z] [SUCCESS] Plugin Files Loaded
[2026-02-17T01:03:24.104Z] [SUCCESS] Bot settings loaded from database
[2026-02-17T01:03:24.954Z] [SUCCESS] Plugin Files Loaded
[2026-02-17T01:03:25.572Z] [SUCCESS] Plugin Files Loaded
[2026-02-17T01:03:26.861Z] [SUCCESS] ✅ KIUBY-XMD is active, enjoy 😀
[2026-02-17T01:03:27.382Z] [SUCCESS] ✅ KIUBY-XMD is active, enjoy 😀
[2026-02-17T01:03:31.865Z] [SUCCESS] 🗿KIUBY-XMD is connected to Whatsapp and active💥
[2026-02-17T01:03:32.384Z] [SUCCESS] 🗿KIUBY-XMD is connected to Whatsapp and active💥
[2026-02-17T01:03:34.716Z] [SUCCESS] Bot settings loaded from database
[2026-02-17T01:03:35.036Z] [SUCCESS] Plugin Files Loaded
[2026-02-17T01:03:35.953Z] [SUCCESS] Bot settings loaded from database
[2026-02-17T01:03:36.292Z] [SUCCESS] Plugin Files Loaded
[2026-02-17T01:03:36.666Z] [SUCCESS] Bot settings loaded from database
[2026-02-17T01:03:36.848Z] [SUCCESS] Bot settings loaded from database
[2026-02-17T01:03:37.258Z] [SUCCESS] Plugin Files Loaded
[2026-02-17T01:03:37.635Z] [SUCCESS] Plugin Files Loaded
[2026-02-17T01:03:37.956Z] [SUCCESS] Bot settings loaded from database
[2026-02-17T01:03:38.237Z] [SUCCESS] Plugin Files Loaded
[2026-02-17T01:03:39.121Z] [SUCCESS] ✅ KIUBY-XMD is active, enjoy 😀
[2026-02-17T01:03:39.838Z] [SUCCESS] ✅ KIUBY-XMD is active, enjoy 😀
[2026-02-17T01:03:41.366Z] [SUCCESS] Bot settings loaded from database
[2026-02-17T01:03:41.971Z] [SUCCESS] Bot settings loaded from database
[2026-02-17T01:03:42.028Z] [SUCCESS] Plugin Files Loaded
[2026-02-17T01:03:42.236Z] [SUCCESS] Plugin Files Loaded
[2026-02-17T01:03:43.941Z] [SUCCESS] ✅ KIUBY-XMD is active, enjoy 😀
[2026-02-17T01:03:44.126Z] [SUCCESS] 🗿KIUBY-XMD is connected to Whatsapp and active💥
[2026-02-17T01:03:44.248Z] [SUCCESS] Bot settings loaded from database
[2026-02-17T01:03:44.595Z] [SUCCESS] Plugin Files Loaded
[2026-02-17T01:03:44.844Z] [SUCCESS] 🗿KIUBY-XMD is connected to Whatsapp and active💥
[2026-02-17T01:03:46.285Z] [SUCCESS] ✅ KIUBY-XMD is active, enjoy 😀
[2026-02-17T01:03:47.849Z] [SUCCESS] Bot settings loaded from database
[2026-02-17T01:03:48.948Z] [SUCCESS] 🗿KIUBY-XMD is connected to Whatsapp and active💥
[2026-02-17T01:03:50.250Z] [SUCCESS] Bot settings loaded from database
[2026-02-17T01:03:51.097Z] [SUCCESS] Plugin Files Loaded
[2026-02-17T01:03:51.289Z] [SUCCESS] 🗿KIUBY-XMD is connected to Whatsapp and active💥
[2026-02-17T01:03:53.334Z] [SUCCESS] Bot settings loaded from database
[2026-02-17T01:03:54.344Z] [SUCCESS] Plugin Files Loaded
[2026-02-17T01:03:54.589Z] [SUCCESS] Plugin Files Loaded
[2026-02-17T01:03:55.183Z] [SUCCESS] ✅ KIUBY-XMD is active, enjoy 😀
[2026-02-17T01:03:57.663Z] [SUCCESS] ✅ KIUBY-XMD is active, enjoy 😀
[2026-02-17T01:03:58.107Z] [SUCCESS] Bot settings loaded from database
[2026-02-17T01:03:58.450Z] [SUCCESS] Plugin Files Loaded
[2026-02-17T01:03:58.748Z] [SUCCESS] Bot settings loaded from database
[2026-02-17T01:03:59.015Z] [SUCCESS] Plugin Files Loaded
[2026-02-17T01:04:00.207Z] [SUCCESS] 🗿KIUBY-XMD is connected to Whatsapp and active💥
[2026-02-17T01:04:00.300Z] [SUCCESS] ✅ KIUBY-XMD is active, enjoy 😀
[2026-02-17T01:04:00.717Z] [SUCCESS] Bot settings loaded from database
[2026-02-17T01:04:00.955Z] [SUCCESS] Plugin Files Loaded
[2026-02-17T01:04:02.679Z] [SUCCESS] ✅ KIUBY-XMD is active, enjoy 😀
[2026-02-17T01:04:02.681Z] [SUCCESS] 🗿KIUBY-XMD is connected to Whatsapp and active💥
[2026-02-17T01:04:03.427Z] [SUCCESS] Bot settings loaded from database
[2026-02-17T01:04:03.796Z] [SUCCESS] Plugin Files Loaded
[2026-02-17T01:04:05.305Z] [SUCCESS] 🗿KIUBY-XMD is connected to Whatsapp and active💥
[2026-02-17T01:04:07.681Z] [SUCCESS] 🗿KIUBY-XMD is connected to Whatsapp and active💥
[2026-02-17T01:04:08.182Z] [SUCCESS] Bot settings loaded from database
[2026-02-17T01:04:08.764Z] [SUCCESS] Plugin Files Loaded
[2026-02-17T01:04:09.331Z] [SUCCESS] Bot settings loaded from database
[2026-02-17T01:04:09.467Z] [SUCCESS] Bot settings loaded from database
[2026-02-17T01:04:09.886Z] [SUCCESS] Plugin Files Loaded
[2026-02-17T01:04:10.231Z] [SUCCESS] Plugin Files Loaded
[2026-02-17T01:04:10.538Z] [SUCCESS] ✅ KIUBY-XMD is active, enjoy 😀
[2026-02-17T01:04:11.733Z] [SUCCESS] ✅ KIUBY-XMD is active, enjoy 😀
[2026-02-17T01:04:14.991Z] [SUCCESS] Bot settings loaded from database
[2026-02-17T01:04:15.207Z] [SUCCESS] Plugin Files Loaded
[2026-02-17T01:04:15.547Z] [SUCCESS] 🗿KIUBY-XMD is connected to Whatsapp and active💥
[2026-02-17T01:04:16.722Z] [SUCCESS] ✅ KIUBY-XMD is active, enjoy 😀
[2026-02-17T01:04:16.738Z] [SUCCESS] 🗿KIUBY-XMD is connected to Whatsapp and active💥
[2026-02-17T01:04:17.242Z] [SUCCESS] Bot settings loaded from database
[2026-02-17T01:04:17.304Z] [SUCCESS] Bot settings loaded from database
[2026-02-17T01:04:17.444Z] [SUCCESS] Plugin Files Loaded
[2026-02-17T01:04:17.928Z] [SUCCESS] Plugin Files Loaded
[2026-02-17T01:04:19.291Z] [SUCCESS] ✅ KIUBY-XMD is active, enjoy 😀
[2026-02-17T01:04:21.391Z] [SUCCESS] Bot settings loaded from database
[2026-02-17T01:04:21.727Z] [SUCCESS] 🗿KIUBY-XMD is connected to Whatsapp and active💥
[2026-02-17T01:04:21.752Z] [SUCCESS] Plugin Files Loaded
[2026-02-17T01:04:24.089Z] [SUCCESS] ✅ KIUBY-XMD is active, enjoy 😀
[2026-02-17T01:04:24.293Z] [SUCCESS] 🗿KIUBY-XMD is connected to Whatsapp and active💥
[2026-02-17T01:04:25.112Z] [SUCCESS] Bot settings loaded from database
[2026-02-17T01:04:25.413Z] [SUCCESS] Plugin Files Loaded
[2026-02-17T01:04:28.004Z] [SUCCESS] ✅ KIUBY-XMD is active, enjoy 😀
[2026-02-17T01:04:28.057Z] [SUCCESS] Bot settings loaded from database
[2026-02-17T01:04:28.271Z] [SUCCESS] Plugin Files Loaded
[2026-02-17T01:04:29.096Z] [SUCCESS] 🗿KIUBY-XMD is connected to Whatsapp and active💥
[2026-02-17T01:04:29.626Z] [SUCCESS] Bot settings loaded from database
[2026-02-17T01:04:29.885Z] [SUCCESS] Plugin Files Loaded
[2026-02-17T01:04:30.095Z] [SUCCESS] Bot settings loaded from database
[2026-02-17T01:04:30.420Z] [SUCCESS] Plugin Files Loaded
[2026-02-17T01:04:31.379Z] [SUCCESS] Bot settings loaded from database
[2026-02-17T01:04:31.739Z] [SUCCESS] Plugin Files Loaded
[2026-02-17T01:04:32.561Z] [SUCCESS] ✅ KIUBY-XMD is active, enjoy 😀
[2026-02-17T01:04:33.006Z] [SUCCESS] 🗿KIUBY-XMD is connected to Whatsapp and active💥
[2026-02-17T01:04:33.668Z] [SUCCESS] ✅ KIUBY-XMD is active, enjoy 😀
[2026-02-17T01:04:34.012Z] [SUCCESS] Bot settings loaded from database
[2026-02-17T01:04:34.218Z] [SUCCESS] Plugin Files Loaded
[2026-02-17T01:04:35.628Z] [SUCCESS] ✅ KIUBY-XMD is active, enjoy 😀
[2026-02-17T01:04:37.570Z] [SUCCESS] 🗿KIUBY-XMD is connected to Whatsapp and active💥
[2026-02-17T01:04:38.555Z] [SUCCESS] Bot settings loaded from database
[2026-02-17T01:04:38.672Z] [SUCCESS] 🗿KIUBY-XMD is connected to Whatsapp and active💥
[2026-02-17T01:04:38.742Z] [SUCCESS] Plugin Files Loaded
[2026-02-17T01:04:39.491Z] [SUCCESS] Bot settings loaded from database
[2026-02-17T01:04:39.661Z] [SUCCESS] Plugin Files Loaded
[2026-02-17T01:04:40.097Z] [SUCCESS] ✅ KIUBY-XMD is active, enjoy 😀
[2026-02-17T01:04:40.635Z] [SUCCESS] 🗿KIUBY-XMD is connected to Whatsapp and active💥
[2026-02-17T01:04:40.993Z] [SUCCESS] ✅ KIUBY-XMD is active, enjoy 😀
[2026-02-17T01:04:42.661Z] [SUCCESS] Bot settings loaded from database
[2026-02-17T01:04:42.923Z] [SUCCESS] Plugin Files Loaded
[2026-02-17T01:04:43.511Z] [SUCCESS] Bot settings loaded from database
[2026-02-17T01:04:43.777Z] [SUCCESS] Plugin Files Loaded
[2026-02-17T01:04:44.761Z] [SUCCESS] ✅ KIUBY-XMD is active, enjoy 😀
[2026-02-17T01:04:45.100Z] [SUCCESS] 🗿KIUBY-XMD is connected to Whatsapp and active💥
[2026-02-17T01:04:45.647Z] [SUCCESS] ✅ KIUBY-XMD is active, enjoy 😀
[2026-02-17T01:04:45.997Z] [SUCCESS] 🗿KIUBY-XMD is connected to Whatsapp and active💥
[2026-02-17T01:04:46.590Z] [SUCCESS] Bot settings loaded from database
[2026-02-17T01:04:46.788Z] [SUCCESS] Plugin Files Loaded
[2026-02-17T01:04:48.082Z] [SUCCESS] Bot settings loaded from database
[2026-02-17T01:04:48.160Z] [SUCCESS] ✅ KIUBY-XMD is active, enjoy 😀
[2026-02-17T01:04:48.271Z] [SUCCESS] Plugin Files Loaded
[2026-02-17T01:04:49.626Z] [SUCCESS] ✅ KIUBY-XMD is active, enjoy 😀
[2026-02-17T01:04:49.768Z] [SUCCESS] 🗿KIUBY-XMD is connected to Whatsapp and active💥
[2026-02-17T01:04:50.164Z] [SUCCESS] Bot settings loaded from database
[2026-02-17T01:04:50.344Z] [SUCCESS] Plugin Files Loaded
[2026-02-17T01:04:50.648Z] [SUCCESS] 🗿KIUBY-XMD is connected to Whatsapp and active💥
[2026-02-17T01:04:51.908Z] [SUCCESS] ✅ KIUBY-XMD is active, enjoy 😀
[2026-02-17T01:04:52.008Z] [SUCCESS] Bot settings loaded from database
[2026-02-17T01:04:52.257Z] [SUCCESS] Plugin Files Loaded
[2026-02-17T01:04:53.166Z] [SUCCESS] 🗿KIUBY-XMD is connected to Whatsapp and active💥
[2026-02-17T01:04:54.081Z] [SUCCESS] ✅ KIUBY-XMD is active, enjoy 😀
[2026-02-17T01:04:54.627Z] [SUCCESS] 🗿KIUBY-XMD is connected to Whatsapp and active💥
[2026-02-17T01:04:54.776Z] [SUCCESS] Bot settings loaded from database
[2026-02-17T01:04:54.972Z] [SUCCESS] Plugin Files Loaded
[2026-02-17T01:04:55.643Z] [SUCCESS] Bot settings loaded from database
[2026-02-17T01:04:55.843Z] [SUCCESS] Plugin Files Loaded
[2026-02-17T01:04:56.423Z] [SUCCESS] ✅ KIUBY-XMD is active, enjoy 😀
[2026-02-17T01:04:56.913Z] [SUCCESS] 🗿KIUBY-XMD is connected to Whatsapp and active💥
[2026-02-17T01:04:57.251Z] [SUCCESS] ✅ KIUBY-XMD is active, enjoy 😀
[2026-02-17T01:04:58.054Z] [SUCCESS] Bot settings loaded from database
[2026-02-17T01:04:58.324Z] [SUCCESS] Plugin Files Loaded
[2026-02-17T01:04:59.086Z] [SUCCESS] 🗿KIUBY-XMD is connected to Whatsapp and active💥
[2026-02-17T01:04:59.376Z] [SUCCESS] Bot settings loaded from database
[2026-02-17T01:04:59.659Z] [SUCCESS] Plugin Files Loaded
[2026-02-17T01:05:00.088Z] [SUCCESS] Bot settings loaded from database
[2026-02-17T01:05:00.312Z] [SUCCESS] Plugin Files Loaded
[2026-02-17T01:05:01.430Z] [SUCCESS] 🗿KIUBY-XMD is connected to Whatsapp and active💥
[2026-02-17T01:05:01.726Z] [SUCCESS] ✅ KIUBY-XMD is active, enjoy 😀
[2026-02-17T01:05:02.254Z] [SUCCESS] 🗿KIUBY-XMD is connected to Whatsapp and active💥
[2026-02-17T01:05:02.774Z] [SUCCESS] Bot settings loaded from database
[2026-02-17T01:05:02.989Z] [SUCCESS] Plugin Files Loaded
[2026-02-17T01:05:04.288Z] [SUCCESS] Bot settings loaded from database
[2026-02-17T01:05:04.618Z] [SUCCESS] Plugin Files Loaded
[2026-02-17T01:05:04.759Z] [SUCCESS] Bot settings loaded from database
[2026-02-17T01:05:05.009Z] [SUCCESS] Plugin Files Loaded
[2026-02-17T01:05:05.422Z] [SUCCESS] ✅ KIUBY-XMD is active, enjoy 😀
[2026-02-17T01:05:06.078Z] [SUCCESS] ✅ KIUBY-XMD is active, enjoy 😀
[2026-02-17T01:05:06.398Z] [SUCCESS] ✅ KIUBY-XMD is active, enjoy 😀
[2026-02-17T01:05:06.512Z] [SUCCESS] Bot settings loaded from database
[2026-02-17T01:05:06.698Z] [SUCCESS] Plugin Files Loaded
[2026-02-17T01:05:06.730Z] [SUCCESS] 🗿KIUBY-XMD is connected to Whatsapp and active💥
[2026-02-17T01:05:08.270Z] [SUCCESS] ✅ KIUBY-XMD is active, enjoy 😀
[2026-02-17T01:05:08.708Z] [SUCCESS] Bot settings loaded from database
[2026-02-17T01:05:08.921Z] [SUCCESS] Plugin Files Loaded
[2026-02-17T01:05:10.252Z] [SUCCESS] ✅ KIUBY-XMD is active, enjoy 😀
[2026-02-17T01:05:10.424Z] [SUCCESS] 🗿KIUBY-XMD is connected to Whatsapp and active💥
[2026-02-17T01:05:10.980Z] [SUCCESS] Bot settings loaded from database
[2026-02-17T01:05:11.080Z] [SUCCESS] 🗿KIUBY-XMD is connected to Whatsapp and active💥
[2026-02-17T01:05:11.403Z] [SUCCESS] 🗿KIUBY-XMD is connected to Whatsapp and active💥
[2026-02-17T01:05:11.925Z] [SUCCESS] Bot settings loaded from database
[2026-02-17T01:05:12.183Z] [SUCCESS] Plugin Files Loaded
[2026-02-17T01:05:12.745Z] [SUCCESS] Plugin Files Loaded
[2026-02-17T01:05:13.273Z] [SUCCESS] 🗿KIUBY-XMD is connected to Whatsapp and active💥
[2026-02-17T01:05:13.881Z] [SUCCESS] ✅ KIUBY-XMD is active, enjoy 😀
[2026-02-17T01:05:14.450Z] [SUCCESS] Bot settings loaded from database
[2026-02-17T01:05:14.694Z] [SUCCESS] Plugin Files Loaded
[2026-02-17T01:05:15.257Z] [SUCCESS] 🗿KIUBY-XMD is connected to Whatsapp and active💥
[2026-02-17T01:05:16.040Z] [SUCCESS] ✅ KIUBY-XMD is active, enjoy 😀
[2026-02-17T01:05:16.115Z] [SUCCESS] Bot settings loaded from database
[2026-02-17T01:05:16.239Z] [SUCCESS] Bot settings loaded from database
[2026-02-17T01:05:16.300Z] [SUCCESS] Plugin Files Loaded
[2026-02-17T01:05:16.432Z] [SUCCESS] Plugin Files Loaded
[2026-02-17T01:05:17.756Z] [SUCCESS] ✅ KIUBY-XMD is active, enjoy 😀
[2026-02-17T01:05:18.889Z] [SUCCESS] 🗿KIUBY-XMD is connected to Whatsapp and active💥
[2026-02-17T01:05:20.072Z] [SUCCESS] Bot settings loaded from database
[2026-02-17T01:05:20.340Z] [SUCCESS] Plugin Files Loaded
[2026-02-17T01:05:21.043Z] [SUCCESS] 🗿KIUBY-XMD is connected to Whatsapp and active💥
[2026-02-17T01:05:21.104Z] [SUCCESS] Bot settings loaded from database
[2026-02-17T01:05:21.356Z] [SUCCESS] Plugin Files Loaded
[2026-02-17T01:05:21.438Z] [SUCCESS] Bot settings loaded from database
[2026-02-17T01:05:21.661Z] [SUCCESS] Plugin Files Loaded
[2026-02-17T01:05:21.923Z] [SUCCESS] ✅ KIUBY-XMD is active, enjoy 😀
[2026-02-17T01:05:22.759Z] [SUCCESS] 🗿KIUBY-XMD is connected to Whatsapp and active💥
[2026-02-17T01:05:22.771Z] [SUCCESS] Bot settings loaded from database
[2026-02-17T01:05:22.977Z] [SUCCESS] Plugin Files Loaded
[2026-02-17T01:05:23.257Z] [SUCCESS] ✅ KIUBY-XMD is active, enjoy 😀
[2026-02-17T01:05:24.620Z] [SUCCESS] ✅ KIUBY-XMD is active, enjoy 😀
[2026-02-17T01:05:25.688Z] [SUCCESS] Bot settings loaded from database
[2026-02-17T01:05:25.887Z] [SUCCESS] Plugin Files Loaded
[2026-02-17T01:05:26.925Z] [SUCCESS] 🗿KIUBY-XMD is connected to Whatsapp and active💥
[2026-02-17T01:05:27.569Z] [SUCCESS] ✅ KIUBY-XMD is active, enjoy 😀
[2026-02-17T01:05:28.158Z] [SUCCESS] Bot settings loaded from database
[2026-02-17T01:05:28.263Z] [SUCCESS] 🗿KIUBY-XMD is connected to Whatsapp and active💥
[2026-02-17T01:05:28.339Z] [SUCCESS] Plugin Files Loaded
[2026-02-17T01:05:28.539Z] [SUCCESS] Bot settings loaded from database
[2026-02-17T01:05:28.902Z] [SUCCESS] Plugin Files Loaded
[2026-02-17T01:05:29.626Z] [SUCCESS] 🗿KIUBY-XMD is connected to Whatsapp and active💥
[2026-02-17T01:05:30.349Z] [SUCCESS] ✅ KIUBY-XMD is active, enjoy 😀
[2026-02-17T01:05:30.698Z] [SUCCESS] Bot settings loaded from database
[2026-02-17T01:05:30.895Z] [SUCCESS] Plugin Files Loaded
[2026-02-17T01:05:32.289Z] [SUCCESS] Bot settings loaded from database
[2026-02-17T01:05:32.578Z] [SUCCESS] 🗿KIUBY-XMD is connected to Whatsapp and active💥
[2026-02-17T01:05:32.745Z] [SUCCESS] Plugin Files Loaded
[2026-02-17T01:05:33.437Z] [SUCCESS] ✅ KIUBY-XMD is active, enjoy 😀
[2026-02-17T01:05:35.352Z] [SUCCESS] 🗿KIUBY-XMD is connected to Whatsapp and active💥
[2026-02-17T01:05:36.579Z] [SUCCESS] Bot settings loaded from database
[2026-02-17T01:05:36.775Z] [SUCCESS] Plugin Files Loaded
[2026-02-17T01:05:36.835Z] [SUCCESS] Bot settings loaded from database
[2026-02-17T01:05:37.043Z] [SUCCESS] Plugin Files Loaded
[2026-02-17T01:05:37.449Z] [SUCCESS] Bot settings loaded from database
[2026-02-17T01:05:37.703Z] [SUCCESS] Plugin Files Loaded
[2026-02-17T01:05:37.836Z] [SUCCESS] Bot settings loaded from database
[2026-02-17T01:05:38.024Z] [SUCCESS] Plugin Files Loaded
[2026-02-17T01:05:38.479Z] [SUCCESS] ✅ KIUBY-XMD is active, enjoy 😀
[2026-02-17T01:05:38.511Z] [SUCCESS] 🗿KIUBY-XMD is connected to Whatsapp and active💥
[2026-02-17T01:05:39.178Z] [SUCCESS] Bot settings loaded from database
[2026-02-17T01:05:39.193Z] [SUCCESS] ✅ KIUBY-XMD is active, enjoy 😀
[2026-02-17T01:05:39.383Z] [SUCCESS] Plugin Files Loaded
[2026-02-17T01:05:39.885Z] [SUCCESS] Bot settings loaded from database
[2026-02-17T01:05:40.227Z] [SUCCESS] Plugin Files Loaded
[2026-02-17T01:05:40.978Z] [SUCCESS] ✅ KIUBY-XMD is active, enjoy 😀
[2026-02-17T01:05:41.895Z] [SUCCESS] ✅ KIUBY-XMD is active, enjoy 😀
[2026-02-17T01:05:41.946Z] [SUCCESS] Bot settings loaded from database
[2026-02-17T01:05:42.171Z] [SUCCESS] Plugin Files Loaded
[2026-02-17T01:05:42.483Z] [SUCCESS] Bot settings loaded from database
[2026-02-17T01:05:42.681Z] [SUCCESS] Plugin Files Loaded
[2026-02-17T01:05:58.613Z] [SUCCESS] Bot settings loaded from database
[2026-02-17T01:06:00.398Z] [SUCCESS] Plugin Files Loaded
[2026-02-17T01:06:15.366Z] [SUCCESS] Bot settings loaded from database
[2026-02-17T01:06:15.666Z] [SUCCESS] Plugin Files Loaded
[2026-02-17T01:06:28.084Z] [SUCCESS] Bot settings loaded from database
[2026-02-17T01:06:28.724Z] [SUCCESS] Plugin Files Loaded
[2026-02-17T01:06:30.392Z] [SUCCESS] ✅ KIUBY-XMD is active, enjoy 😀
[2026-02-17T01:06:35.406Z] [SUCCESS] 🗿KIUBY-XMD is connected to Whatsapp and active💥
[2026-02-17T01:09:25.689Z] [SUCCESS] Command campaignhelp executed successfully
[2026-02-17T01:09:49.130Z] [SUCCESS] Command menu executed successfully
