[2026-02-13T21:22:19.873Z] [SUCCESS] Bot settings loaded from database
[2026-02-13T21:22:20.883Z] [SUCCESS] Plugin Files Loaded
[2026-02-13T21:22:25.210Z] [SUCCESS] ✅ ISCE-BOT is active, enjoy 😀
[2026-02-13T21:22:30.214Z] [SUCCESS] 🗿ISCE-BOT is connected to Whatsapp and active💥
[2026-02-13T21:46:20.990Z] [SUCCESS] Bot settings loaded from database
[2026-02-13T21:46:23.322Z] [SUCCESS] Plugin Files Loaded
[2026-02-13T21:46:24.816Z] [SUCCESS] ✅ ISCE-BOT is active, enjoy 😀
[2026-02-13T21:46:29.828Z] [SUCCESS] 🗿ISCE-BOT is connected to Whatsapp and active💥
[2026-02-13T21:52:43.672Z] [SUCCESS] Bot settings loaded from database
[2026-02-13T21:52:46.300Z] [SUCCESS] Plugin Files Loaded
[2026-02-13T21:52:47.960Z] [SUCCESS] ✅ ISCE-BOT is active, enjoy 😀
[2026-02-13T21:52:52.971Z] [SUCCESS] 🗿ISCE-BOT is connected to Whatsapp and active💥
[2026-02-13T21:58:21.211Z] [SUCCESS] Bot settings loaded from database
[2026-02-13T21:58:24.590Z] [SUCCESS] Plugin Files Loaded
[2026-02-13T21:58:26.642Z] [SUCCESS] ✅ ISCE-BOT is active, enjoy 😀
[2026-02-13T21:58:32.329Z] [SUCCESS] 🗿ISCE-BOT is connected to Whatsapp and active💥
[2026-02-13T22:05:32.396Z] [SUCCESS] Bot settings loaded from database
[2026-02-13T22:05:35.560Z] [SUCCESS] Plugin Files Loaded
[2026-02-13T22:05:38.181Z] [SUCCESS] ✅ ISCE-BOT is active, enjoy 😀
[2026-02-13T22:05:43.791Z] [SUCCESS] 🗿ISCE-BOT is connected to Whatsapp and active💥
[2026-02-13T22:12:42.024Z] [SUCCESS] Bot settings loaded from database
[2026-02-13T22:12:45.903Z] [SUCCESS] Plugin Files Loaded
[2026-02-13T22:12:47.553Z] [SUCCESS] ✅ ISCE-BOT is active, enjoy 😀
[2026-02-13T22:12:52.838Z] [SUCCESS] 🗿ISCE-BOT is connected to Whatsapp and active💥
[2026-02-13T22:16:33.599Z] [SUCCESS] Command campaigninit executed successfully
[2026-02-13T22:24:02.253Z] [SUCCESS] Command addgroup executed successfully
[2026-02-13T22:29:49.605Z] [SUCCESS] Command campaigninit executed successfully
[2026-02-13T22:30:00.556Z] [SUCCESS] Command ping executed successfully
[2026-02-13T22:31:20.998Z] [SUCCESS] Bot settings loaded from database
[2026-02-13T22:31:23.502Z] [SUCCESS] Plugin Files Loaded
[2026-02-13T22:31:27.341Z] [SUCCESS] ✅ ISCE-BOT is active, enjoy 😀
[2026-02-13T22:31:32.370Z] [SUCCESS] 🗿ISCE-BOT is connected to Whatsapp and active💥
[2026-02-13T22:36:41.879Z] [SUCCESS] Bot settings loaded from database
[2026-02-13T22:36:47.325Z] [SUCCESS] Plugin Files Loaded
[2026-02-13T22:36:49.015Z] [SUCCESS] ✅ ISCE-BOT is active, enjoy 😀
[2026-02-13T22:36:54.048Z] [SUCCESS] 🗿ISCE-BOT is connected to Whatsapp and active💥
[2026-02-13T22:44:16.900Z] [SUCCESS] Command ping executed successfully
[2026-02-13T22:47:17.758Z] [SUCCESS] Bot settings loaded from database
[2026-02-13T22:47:19.137Z] [SUCCESS] Plugin Files Loaded
[2026-02-13T22:47:20.573Z] [SUCCESS] ✅ ISCE-BOT is active, enjoy 😀
[2026-02-13T22:47:25.580Z] [SUCCESS] 🗿ISCE-BOT is connected to Whatsapp and active💥
[2026-02-13T22:48:53.820Z] [SUCCESS] Bot settings loaded from database
[2026-02-13T22:48:56.553Z] [SUCCESS] Plugin Files Loaded
[2026-02-13T22:48:58.171Z] [SUCCESS] ✅ ISCE-BOT is active, enjoy 😀
[2026-02-13T22:49:03.206Z] [SUCCESS] 🗿ISCE-BOT is connected to Whatsapp and active💥
[2026-02-13T22:50:40.027Z] [SUCCESS] Command campaigninit executed successfully
[2026-02-13T22:50:45.523Z] [SUCCESS] Command campaigninit executed successfully
[2026-02-13T22:50:50.207Z] [SUCCESS] Command campaigninit executed successfully
[2026-02-13T22:51:08.670Z] [SUCCESS] Command ping executed successfully
[2026-02-13T22:51:28.864Z] [SUCCESS] Command menu executed successfully
[2026-02-13T22:55:01.581Z] [SUCCESS] Bot settings loaded from database
[2026-02-13T22:55:05.074Z] [SUCCESS] Plugin Files Loaded
[2026-02-13T22:55:07.162Z] [SUCCESS] ✅ ISCE-BOT is active, enjoy 😀
[2026-02-13T22:55:12.170Z] [SUCCESS] 🗿ISCE-BOT is connected to Whatsapp and active💥
[2026-02-13T23:13:01.315Z] [SUCCESS] Bot settings loaded from database
[2026-02-13T23:13:03.427Z] [SUCCESS] Plugin Files Loaded
[2026-02-13T23:13:05.133Z] [SUCCESS] ✅ ISCE-BOT is active, enjoy 😀
[2026-02-13T23:13:10.137Z] [SUCCESS] 🗿ISCE-BOT is connected to Whatsapp and active💥
[2026-02-13T23:15:12.112Z] [SUCCESS] Command campaigninit executed successfully
[2026-02-13T23:15:34.294Z] [SUCCESS] Command campaigninit executed successfully
[2026-02-13T23:37:59.370Z] [SUCCESS] Bot settings loaded from database
[2026-02-13T23:38:03.938Z] [SUCCESS] Plugin Files Loaded
[2026-02-13T23:38:06.359Z] [SUCCESS] ✅ ISCE-BOT is active, enjoy 😀
[2026-02-13T23:38:11.374Z] [SUCCESS] 🗿ISCE-BOT is connected to Whatsapp and active💥
[2026-02-13T23:51:49.214Z] [SUCCESS] Bot settings loaded from database
[2026-02-13T23:51:53.100Z] [SUCCESS] Plugin Files Loaded
[2026-02-13T23:51:54.870Z] [SUCCESS] ✅ ISCE-BOT is active, enjoy 😀
[2026-02-13T23:51:59.875Z] [SUCCESS] 🗿ISCE-BOT is connected to Whatsapp and active💥
