[2026-02-12T01:26:52.741Z] [SUCCESS] Bot settings loaded from database
[2026-02-12T01:26:57.820Z] [SUCCESS] Plugin Files Loaded
[2026-02-12T01:27:07.838Z] [SUCCESS] Bot settings loaded from database
[2026-02-12T01:27:07.861Z] [SUCCESS] Plugin Files Loaded
[2026-02-12T01:27:17.878Z] [SUCCESS] Bot settings loaded from database
[2026-02-12T01:27:17.903Z] [SUCCESS] Plugin Files Loaded
[2026-02-12T01:27:27.922Z] [SUCCESS] Bot settings loaded from database
[2026-02-12T01:27:27.943Z] [SUCCESS] Plugin Files Loaded
[2026-02-12T01:27:37.974Z] [SUCCESS] Bot settings loaded from database
[2026-02-12T01:27:38.002Z] [SUCCESS] Plugin Files Loaded
[2026-02-12T01:27:48.025Z] [SUCCESS] Bot settings loaded from database
[2026-02-12T01:27:48.466Z] [SUCCESS] Plugin Files Loaded
[2026-02-12T01:27:50.880Z] [SUCCESS] ✅ ISCE-BOT is active, enjoy 😀
[2026-02-12T01:27:55.882Z] [SUCCESS] 🗿ISCE-BOT is connected to Whatsapp and active💥
[2026-02-12T03:38:58.178Z] [SUCCESS] Bot settings loaded from database
[2026-02-12T03:38:59.061Z] [SUCCESS] Plugin Files Loaded
[2026-02-12T03:39:00.992Z] [SUCCESS] ✅ ISCE-BOT is active, enjoy 😀
[2026-02-12T03:39:05.995Z] [SUCCESS] 🗿ISCE-BOT is connected to Whatsapp and active💥
[2026-02-12T03:39:23.685Z] [SUCCESS] Command chatbot executed successfully
[2026-02-12T03:39:59.552Z] [SUCCESS] Command ping executed successfully
[2026-02-12T11:56:00.240Z] [SUCCESS] Bot settings loaded from database
[2026-02-12T11:56:01.011Z] [SUCCESS] Plugin Files Loaded
[2026-02-12T11:56:16.476Z] [SUCCESS] Bot settings loaded from database
[2026-02-12T11:56:17.054Z] [SUCCESS] Plugin Files Loaded
[2026-02-12T11:56:21.967Z] [SUCCESS] ✅ ISCE-BOT is active, enjoy 😀
[2026-02-12T11:56:26.968Z] [SUCCESS] 🗿ISCE-BOT is connected to Whatsapp and active💥
[2026-02-12T11:58:55.090Z] [SUCCESS] Bot settings loaded from database
[2026-02-12T11:59:01.143Z] [SUCCESS] Plugin Files Loaded
[2026-02-12T11:59:03.904Z] [SUCCESS] ✅ ISCE-BOT is active, enjoy 😀
[2026-02-12T11:59:08.924Z] [SUCCESS] 🗿ISCE-BOT is connected to Whatsapp and active💥
[2026-02-12T12:02:03.586Z] [SUCCESS] Bot settings loaded from database
[2026-02-12T12:02:06.241Z] [SUCCESS] Plugin Files Loaded
[2026-02-12T12:02:09.498Z] [SUCCESS] ✅ ISCE-BOT is active, enjoy 😀
[2026-02-12T12:02:14.503Z] [SUCCESS] 🗿ISCE-BOT is connected to Whatsapp and active💥
[2026-02-12T12:02:37.712Z] [SUCCESS] Bot settings loaded from database
[2026-02-12T12:02:43.012Z] [SUCCESS] Plugin Files Loaded
[2026-02-12T12:03:01.953Z] [SUCCESS] Bot settings loaded from database
[2026-02-12T12:03:02.247Z] [SUCCESS] Plugin Files Loaded
[2026-02-12T12:03:12.545Z] [SUCCESS] Bot settings loaded from database
[2026-02-12T12:03:13.243Z] [SUCCESS] Plugin Files Loaded
[2026-02-12T12:03:27.910Z] [SUCCESS] Bot settings loaded from database
[2026-02-12T12:03:28.942Z] [SUCCESS] Plugin Files Loaded
[2026-02-12T12:03:42.308Z] [SUCCESS] Bot settings loaded from database
[2026-02-12T12:03:42.996Z] [SUCCESS] Plugin Files Loaded
[2026-02-12T12:03:50.313Z] [SUCCESS] ✅ ISCE-BOT is active, enjoy 😀
[2026-02-12T12:03:55.318Z] [SUCCESS] 🗿ISCE-BOT is connected to Whatsapp and active💥
[2026-02-12T12:04:03.612Z] [SUCCESS] Command menu executed successfully
[2026-02-12T12:04:33.436Z] [SUCCESS] Command menu executed successfully
[2026-02-12T12:06:19.498Z] [SUCCESS] Command ping executed successfully
[2026-02-12T12:25:58.821Z] [SUCCESS] Bot settings loaded from database
[2026-02-12T12:26:01.810Z] [SUCCESS] Plugin Files Loaded
[2026-02-12T12:26:12.109Z] [SUCCESS] Bot settings loaded from database
[2026-02-12T12:26:13.034Z] [SUCCESS] Plugin Files Loaded
[2026-02-12T12:26:23.609Z] [SUCCESS] Bot settings loaded from database
[2026-02-12T12:26:24.743Z] [SUCCESS] Plugin Files Loaded
[2026-02-12T12:26:39.378Z] [SUCCESS] Bot settings loaded from database
[2026-02-12T12:26:40.116Z] [SUCCESS] Plugin Files Loaded
[2026-02-12T12:26:56.042Z] [SUCCESS] Bot settings loaded from database
[2026-02-12T12:26:58.866Z] [SUCCESS] Plugin Files Loaded
[2026-02-12T12:27:10.691Z] [SUCCESS] Bot settings loaded from database
[2026-02-12T12:27:11.129Z] [SUCCESS] Plugin Files Loaded
[2026-02-12T12:27:22.109Z] [SUCCESS] Bot settings loaded from database
[2026-02-12T12:27:22.445Z] [SUCCESS] Plugin Files Loaded
[2026-02-12T12:27:36.948Z] [SUCCESS] Bot settings loaded from database
[2026-02-12T12:27:37.813Z] [SUCCESS] Plugin Files Loaded
[2026-02-12T12:27:41.987Z] [SUCCESS] ✅ ISCE-BOT is active, enjoy 😀
[2026-02-12T12:27:46.991Z] [SUCCESS] 🗿ISCE-BOT is connected to Whatsapp and active💥
[2026-02-12T12:35:43.835Z] [SUCCESS] Command pair executed successfully
[2026-02-12T12:42:44.273Z] [SUCCESS] Bot settings loaded from database
[2026-02-12T12:42:45.138Z] [SUCCESS] Plugin Files Loaded
[2026-02-12T12:43:01.939Z] [SUCCESS] Bot settings loaded from database
[2026-02-12T12:43:02.322Z] [SUCCESS] Plugin Files Loaded
[2026-02-12T12:43:18.683Z] [SUCCESS] Bot settings loaded from database
[2026-02-12T12:43:21.578Z] [SUCCESS] Plugin Files Loaded
[2026-02-12T12:43:33.308Z] [SUCCESS] Bot settings loaded from database
[2026-02-12T12:43:36.409Z] [SUCCESS] Plugin Files Loaded
[2026-02-12T12:43:54.094Z] [SUCCESS] Bot settings loaded from database
[2026-02-12T12:43:54.607Z] [SUCCESS] Plugin Files Loaded
[2026-02-12T12:44:04.939Z] [SUCCESS] Bot settings loaded from database
[2026-02-12T12:44:05.970Z] [SUCCESS] Plugin Files Loaded
[2026-02-12T12:44:08.532Z] [SUCCESS] ✅ ISCE-BOT is active, enjoy 😀
[2026-02-12T12:44:13.536Z] [SUCCESS] 🗿ISCE-BOT is connected to Whatsapp and active💥
[2026-02-12T12:44:21.557Z] [SUCCESS] Command menu executed successfully
[2026-02-12T12:50:11.337Z] [SUCCESS] Command campaigninit executed successfully
[2026-02-12T12:50:24.175Z] [SUCCESS] Command ping executed successfully
[2026-02-12T12:51:07.817Z] [SUCCESS] Command addgroup executed successfully
