[2026-02-11T21:46:01.904Z] [SUCCESS] Bot settings loaded from database
[2026-02-11T21:46:03.020Z] [SUCCESS] Plugin Files Loaded
[2026-02-11T21:46:48.131Z] [SUCCESS] Bot settings loaded from database
[2026-02-11T21:46:48.903Z] [SUCCESS] Plugin Files Loaded
[2026-02-11T21:49:40.389Z] [SUCCESS] Bot settings loaded from database
[2026-02-11T21:49:40.800Z] [SUCCESS] Plugin Files Loaded
[2026-02-11T21:51:57.170Z] [SUCCESS] Bot settings loaded from database
[2026-02-11T21:51:57.951Z] [SUCCESS] Plugin Files Loaded
[2026-02-11T21:53:18.368Z] [SUCCESS] Bot settings loaded from database
[2026-02-11T21:53:19.300Z] [SUCCESS] Plugin Files Loaded
[2026-02-11T21:54:46.876Z] [SUCCESS] Bot settings loaded from database
[2026-02-11T21:54:47.770Z] [SUCCESS] Plugin Files Loaded
[2026-02-11T21:56:00.994Z] [SUCCESS] Bot settings loaded from database
[2026-02-11T21:56:01.873Z] [SUCCESS] Plugin Files Loaded
[2026-02-11T21:56:30.011Z] [SUCCESS] Bot settings loaded from database
[2026-02-11T21:56:31.009Z] [SUCCESS] Plugin Files Loaded
[2026-02-11T21:57:06.825Z] [SUCCESS] Bot settings loaded from database
[2026-02-11T21:57:06.864Z] [SUCCESS] Bot settings loaded from database
[2026-02-11T21:57:07.481Z] [SUCCESS] Plugin Files Loaded
[2026-02-11T21:57:12.288Z] [SUCCESS] Plugin Files Loaded
[2026-02-11T22:10:13.385Z] [SUCCESS] Bot settings loaded from database
[2026-02-11T22:10:18.781Z] [SUCCESS] Plugin Files Loaded
[2026-02-11T22:10:31.295Z] [SUCCESS] Bot settings loaded from database
[2026-02-11T22:10:31.822Z] [SUCCESS] Plugin Files Loaded
[2026-02-11T22:10:43.265Z] [SUCCESS] Bot settings loaded from database
[2026-02-11T22:10:46.163Z] [SUCCESS] Plugin Files Loaded
[2026-02-11T22:10:58.130Z] [SUCCESS] Bot settings loaded from database
[2026-02-11T22:11:52.803Z] [SUCCESS] Bot settings loaded from database
[2026-02-11T22:11:53.693Z] [SUCCESS] Plugin Files Loaded
[2026-02-11T22:13:18.050Z] [SUCCESS] Bot settings loaded from database
[2026-02-11T22:13:18.887Z] [SUCCESS] Plugin Files Loaded
[2026-02-11T22:16:10.125Z] [SUCCESS] Bot settings loaded from database
[2026-02-11T22:16:10.594Z] [SUCCESS] Plugin Files Loaded
[2026-02-11T22:18:11.642Z] [SUCCESS] Bot settings loaded from database
[2026-02-11T22:18:12.577Z] [SUCCESS] Plugin Files Loaded
[2026-02-11T22:18:14.561Z] [SUCCESS] ✅ ISCE-BOT is active, enjoy 😀
[2026-02-11T22:18:19.564Z] [SUCCESS] 🗿ISCE-BOT is connected to Whatsapp and active💥
[2026-02-11T22:18:34.602Z] [SUCCESS] Bot settings loaded from database
[2026-02-11T22:18:34.974Z] [SUCCESS] Plugin Files Loaded
[2026-02-11T22:18:36.814Z] [SUCCESS] ✅ ISCE-BOT is active, enjoy 😀
[2026-02-11T22:18:41.816Z] [SUCCESS] 🗿ISCE-BOT is connected to Whatsapp and active💥
[2026-02-11T22:19:10.969Z] [SUCCESS] Command menu executed successfully
[2026-02-11T22:19:38.286Z] [SUCCESS] Command ping executed successfully
[2026-02-11T22:20:36.352Z] [SUCCESS] Command play executed successfully
[2026-02-11T22:23:39.705Z] [SUCCESS] Command settings executed successfully
[2026-02-11T22:23:51.983Z] [SUCCESS] Bot settings loaded from database
[2026-02-11T22:23:52.348Z] [SUCCESS] Plugin Files Loaded
[2026-02-11T22:23:54.219Z] [SUCCESS] ✅ ISCE-BOT is active, enjoy 😀
[2026-02-11T22:23:59.221Z] [SUCCESS] 🗿ISCE-BOT is connected to Whatsapp and active💥
[2026-02-11T22:25:03.961Z] [SUCCESS] Command ping executed successfully
[2026-02-11T22:25:37.778Z] [SUCCESS] Command ping executed successfully
[2026-02-11T22:27:43.173Z] [SUCCESS] Command menu executed successfully
[2026-02-11T22:28:25.683Z] [SUCCESS] Command ping executed successfully
[2026-02-11T22:35:27.054Z] [SUCCESS] Bot settings loaded from database
[2026-02-11T22:35:27.862Z] [SUCCESS] Plugin Files Loaded
[2026-02-11T22:35:30.537Z] [SUCCESS] ✅ ISCE-BOT is active, enjoy 😀
[2026-02-11T22:35:54.428Z] [SUCCESS] Bot settings loaded from database
[2026-02-11T22:35:55.293Z] [SUCCESS] Plugin Files Loaded
[2026-02-11T22:35:57.321Z] [SUCCESS] ✅ ISCE-BOT is active, enjoy 😀
[2026-02-11T22:36:02.323Z] [SUCCESS] 🗿ISCE-BOT is connected to Whatsapp and active💥
[2026-02-11T22:36:46.715Z] [SUCCESS] Command menu executed successfully
[2026-02-11T22:37:18.909Z] [SUCCESS] Command ping executed successfully
[2026-02-11T22:37:39.006Z] [SUCCESS] Bot settings loaded from database
[2026-02-11T22:37:46.714Z] [SUCCESS] Plugin Files Loaded
[2026-02-11T22:38:07.262Z] [SUCCESS] Bot settings loaded from database
[2026-02-11T22:38:08.030Z] [SUCCESS] Plugin Files Loaded
[2026-02-11T22:38:10.373Z] [SUCCESS] ✅ ISCE-BOT is active, enjoy 😀
[2026-02-11T22:38:14.402Z] [SUCCESS] Command menu executed successfully
[2026-02-11T22:38:15.375Z] [SUCCESS] 🗿ISCE-BOT is connected to Whatsapp and active💥
[2026-02-11T22:39:31.518Z] [SUCCESS] Bot settings loaded from database
[2026-02-11T22:39:32.476Z] [SUCCESS] Plugin Files Loaded
[2026-02-11T22:39:34.673Z] [SUCCESS] ✅ ISCE-BOT is active, enjoy 😀
[2026-02-11T22:39:39.676Z] [SUCCESS] 🗿ISCE-BOT is connected to Whatsapp and active💥
[2026-02-11T22:42:27.349Z] [SUCCESS] Bot settings loaded from database
[2026-02-11T22:42:28.182Z] [SUCCESS] Plugin Files Loaded
[2026-02-11T22:42:30.092Z] [SUCCESS] ✅ ISCE-BOT is active, enjoy 😀
[2026-02-11T22:42:35.095Z] [SUCCESS] 🗿ISCE-BOT is connected to Whatsapp and active💥
[2026-02-11T22:42:59.435Z] [SUCCESS] Command del executed successfully
[2026-02-11T22:43:17.146Z] [SUCCESS] Command del executed successfully
[2026-02-11T22:43:29.586Z] [SUCCESS] Command del executed successfully
[2026-02-11T22:43:34.780Z] [SUCCESS] Command del executed successfully
[2026-02-11T22:43:43.893Z] [SUCCESS] Command del executed successfully
[2026-02-11T22:43:46.390Z] [SUCCESS] Command del executed successfully
[2026-02-11T22:44:50.895Z] [SUCCESS] Command ping executed successfully
[2026-02-11T22:45:23.468Z] [SUCCESS] Command menu executed successfully
[2026-02-11T22:45:44.834Z] [SUCCESS] Command ping executed successfully
[2026-02-11T22:46:21.191Z] [SUCCESS] Command wagroup executed successfully
[2026-02-11T22:46:34.860Z] [SUCCESS] Command wagroup executed successfully
[2026-02-11T22:47:24.037Z] [SUCCESS] Command porn executed successfully
[2026-02-11T22:48:35.216Z] [SUCCESS] Command hentaivid executed successfully
[2026-02-11T22:48:47.433Z] [SUCCESS] Command porn executed successfully
[2026-02-11T22:50:28.032Z] [SUCCESS] Bot settings loaded from database
[2026-02-11T22:50:33.623Z] [SUCCESS] Plugin Files Loaded
[2026-02-11T22:50:37.209Z] [SUCCESS] ✅ ISCE-BOT is active, enjoy 😀
[2026-02-11T22:50:42.214Z] [SUCCESS] 🗿ISCE-BOT is connected to Whatsapp and active💥
[2026-02-11T22:51:26.116Z] [SUCCESS] Command menu executed successfully
[2026-02-11T22:52:23.249Z] [SUCCESS] Command ping executed successfully
[2026-02-11T23:02:57.523Z] [SUCCESS] Bot settings loaded from database
[2026-02-11T23:02:58.230Z] [SUCCESS] Plugin Files Loaded
[2026-02-11T23:02:59.710Z] [SUCCESS] ✅ ISCE-BOT is active, enjoy 😀
[2026-02-11T23:03:04.714Z] [SUCCESS] 🗿ISCE-BOT is connected to Whatsapp and active💥
[2026-02-11T23:03:27.572Z] [SUCCESS] Command menu executed successfully
[2026-02-11T23:03:30.198Z] [SUCCESS] Command menu executed successfully
[2026-02-11T23:03:34.925Z] [SUCCESS] Command ping executed successfully
[2026-02-11T23:07:50.128Z] [SUCCESS] Bot settings loaded from database
[2026-02-11T23:07:50.818Z] [SUCCESS] Plugin Files Loaded
[2026-02-11T23:07:52.811Z] [SUCCESS] ✅ ISCE-BOT is active, enjoy 😀
[2026-02-11T23:07:57.815Z] [SUCCESS] 🗿ISCE-BOT is connected to Whatsapp and active💥
[2026-02-11T23:08:25.636Z] [SUCCESS] Command menu executed successfully
[2026-02-11T23:09:11.643Z] [SUCCESS] Command ping executed successfully
[2026-02-11T23:13:00.045Z] [SUCCESS] Command ping executed successfully
