[2026-02-16T21:15:54.667Z] [SUCCESS] Bot settings loaded from database
[2026-02-16T21:15:55.727Z] [SUCCESS] Plugin Files Loaded
[2026-02-16T21:16:07.339Z] [SUCCESS] Bot settings loaded from database
[2026-02-16T21:16:07.664Z] [SUCCESS] Plugin Files Loaded
[2026-02-16T21:16:21.289Z] [SUCCESS] Bot settings loaded from database
[2026-02-16T21:16:21.615Z] [SUCCESS] Plugin Files Loaded
[2026-02-16T21:16:35.533Z] [SUCCESS] Bot settings loaded from database
[2026-02-16T21:16:35.948Z] [SUCCESS] Plugin Files Loaded
[2026-02-16T21:16:48.428Z] [SUCCESS] Bot settings loaded from database
[2026-02-16T21:16:48.933Z] [SUCCESS] Plugin Files Loaded
[2026-02-16T21:23:49.307Z] [SUCCESS] Bot settings loaded from database
[2026-02-16T21:23:53.284Z] [SUCCESS] Plugin Files Loaded
[2026-02-16T21:24:30.430Z] [SUCCESS] Bot settings loaded from database
[2026-02-16T21:24:35.128Z] [SUCCESS] Plugin Files Loaded
[2026-02-16T21:24:48.125Z] [SUCCESS] Bot settings loaded from database
[2026-02-16T21:24:48.680Z] [SUCCESS] Plugin Files Loaded
[2026-02-16T21:25:02.448Z] [SUCCESS] Bot settings loaded from database
[2026-02-16T21:25:02.864Z] [SUCCESS] Plugin Files Loaded
[2026-02-16T21:25:14.826Z] [SUCCESS] Bot settings loaded from database
[2026-02-16T21:25:15.293Z] [SUCCESS] Plugin Files Loaded
[2026-02-16T21:25:28.529Z] [SUCCESS] Bot settings loaded from database
[2026-02-16T21:25:29.001Z] [SUCCESS] Plugin Files Loaded
[2026-02-16T21:25:45.171Z] [SUCCESS] Bot settings loaded from database
[2026-02-16T21:25:45.596Z] [SUCCESS] Plugin Files Loaded
[2026-02-16T21:26:01.158Z] [SUCCESS] Bot settings loaded from database
[2026-02-16T21:26:01.751Z] [SUCCESS] Plugin Files Loaded
[2026-02-16T21:26:14.153Z] [SUCCESS] Bot settings loaded from database
[2026-02-16T21:26:14.628Z] [SUCCESS] Plugin Files Loaded
[2026-02-16T21:26:25.754Z] [SUCCESS] Bot settings loaded from database
[2026-02-16T21:26:26.234Z] [SUCCESS] Plugin Files Loaded
[2026-02-16T21:26:40.455Z] [SUCCESS] Bot settings loaded from database
[2026-02-16T21:26:40.842Z] [SUCCESS] Plugin Files Loaded
[2026-02-16T21:26:52.745Z] [SUCCESS] Bot settings loaded from database
[2026-02-16T21:26:53.165Z] [SUCCESS] Plugin Files Loaded
[2026-02-16T21:27:09.200Z] [SUCCESS] Bot settings loaded from database
[2026-02-16T21:27:09.631Z] [SUCCESS] Plugin Files Loaded
[2026-02-16T21:27:24.109Z] [SUCCESS] Bot settings loaded from database
[2026-02-16T21:27:24.568Z] [SUCCESS] Plugin Files Loaded
[2026-02-16T21:27:39.703Z] [SUCCESS] Bot settings loaded from database
[2026-02-16T21:27:40.214Z] [SUCCESS] Plugin Files Loaded
[2026-02-16T21:27:52.543Z] [SUCCESS] Bot settings loaded from database
[2026-02-16T21:27:52.883Z] [SUCCESS] Plugin Files Loaded
[2026-02-16T21:28:05.107Z] [SUCCESS] Bot settings loaded from database
[2026-02-16T21:28:05.586Z] [SUCCESS] Plugin Files Loaded
[2026-02-16T21:28:18.519Z] [SUCCESS] Bot settings loaded from database
[2026-02-16T21:28:19.103Z] [SUCCESS] Plugin Files Loaded
[2026-02-16T21:28:31.462Z] [SUCCESS] Bot settings loaded from database
[2026-02-16T21:28:31.885Z] [SUCCESS] Plugin Files Loaded
[2026-02-16T21:28:44.179Z] [SUCCESS] Bot settings loaded from database
[2026-02-16T21:28:44.740Z] [SUCCESS] Plugin Files Loaded
[2026-02-16T21:29:00.512Z] [SUCCESS] Bot settings loaded from database
[2026-02-16T21:29:00.929Z] [SUCCESS] Plugin Files Loaded
[2026-02-16T21:29:12.159Z] [SUCCESS] Bot settings loaded from database
[2026-02-16T21:29:12.608Z] [SUCCESS] Plugin Files Loaded
[2026-02-16T21:29:27.914Z] [SUCCESS] Bot settings loaded from database
[2026-02-16T21:29:28.512Z] [SUCCESS] Plugin Files Loaded
[2026-02-16T21:29:40.212Z] [SUCCESS] Bot settings loaded from database
[2026-02-16T21:29:40.636Z] [SUCCESS] Plugin Files Loaded
[2026-02-16T21:29:51.954Z] [SUCCESS] Bot settings loaded from database
[2026-02-16T21:29:52.368Z] [SUCCESS] Plugin Files Loaded
[2026-02-16T21:30:04.521Z] [SUCCESS] Bot settings loaded from database
[2026-02-16T21:30:04.951Z] [SUCCESS] Plugin Files Loaded
[2026-02-16T21:30:18.609Z] [SUCCESS] Bot settings loaded from database
[2026-02-16T21:30:18.938Z] [SUCCESS] Plugin Files Loaded
[2026-02-16T21:30:30.967Z] [SUCCESS] Bot settings loaded from database
[2026-02-16T21:30:31.387Z] [SUCCESS] Plugin Files Loaded
[2026-02-16T21:30:42.890Z] [SUCCESS] Bot settings loaded from database
[2026-02-16T21:30:43.229Z] [SUCCESS] Plugin Files Loaded
[2026-02-16T21:30:56.769Z] [SUCCESS] Bot settings loaded from database
[2026-02-16T21:30:57.437Z] [SUCCESS] Plugin Files Loaded
[2026-02-16T21:31:11.107Z] [SUCCESS] Bot settings loaded from database
[2026-02-16T21:31:11.425Z] [SUCCESS] Plugin Files Loaded
[2026-02-16T21:31:26.069Z] [SUCCESS] Bot settings loaded from database
[2026-02-16T21:31:26.435Z] [SUCCESS] Plugin Files Loaded
[2026-02-16T21:31:40.999Z] [SUCCESS] Bot settings loaded from database
[2026-02-16T21:31:41.346Z] [SUCCESS] Plugin Files Loaded
[2026-02-16T21:31:54.956Z] [SUCCESS] Bot settings loaded from database
[2026-02-16T21:31:55.291Z] [SUCCESS] Plugin Files Loaded
[2026-02-16T21:32:08.436Z] [SUCCESS] Bot settings loaded from database
[2026-02-16T21:32:08.767Z] [SUCCESS] Plugin Files Loaded
[2026-02-16T21:32:24.216Z] [SUCCESS] Bot settings loaded from database
[2026-02-16T21:32:24.565Z] [SUCCESS] Plugin Files Loaded
[2026-02-16T21:32:40.455Z] [SUCCESS] Bot settings loaded from database
[2026-02-16T21:32:40.764Z] [SUCCESS] Plugin Files Loaded
[2026-02-16T21:32:54.411Z] [SUCCESS] Bot settings loaded from database
[2026-02-16T21:32:54.740Z] [SUCCESS] Plugin Files Loaded
[2026-02-16T21:33:07.247Z] [SUCCESS] Bot settings loaded from database
[2026-02-16T21:33:07.648Z] [SUCCESS] Plugin Files Loaded
[2026-02-16T21:33:22.833Z] [SUCCESS] Bot settings loaded from database
[2026-02-16T21:33:23.156Z] [SUCCESS] Plugin Files Loaded
[2026-02-16T21:33:35.794Z] [SUCCESS] Bot settings loaded from database
[2026-02-16T21:33:36.104Z] [SUCCESS] Plugin Files Loaded
[2026-02-16T21:33:47.284Z] [SUCCESS] Bot settings loaded from database
[2026-02-16T21:33:47.609Z] [SUCCESS] Plugin Files Loaded
[2026-02-16T21:33:59.636Z] [SUCCESS] Bot settings loaded from database
[2026-02-16T21:33:59.946Z] [SUCCESS] Plugin Files Loaded
[2026-02-16T21:34:13.205Z] [SUCCESS] Bot settings loaded from database
[2026-02-16T21:34:13.490Z] [SUCCESS] Plugin Files Loaded
[2026-02-16T21:34:28.317Z] [SUCCESS] Bot settings loaded from database
[2026-02-16T21:34:28.606Z] [SUCCESS] Plugin Files Loaded
[2026-02-16T21:34:42.971Z] [SUCCESS] Bot settings loaded from database
[2026-02-16T21:34:43.480Z] [SUCCESS] Plugin Files Loaded
[2026-02-16T21:34:57.126Z] [SUCCESS] Bot settings loaded from database
[2026-02-16T21:34:57.499Z] [SUCCESS] Plugin Files Loaded
[2026-02-16T21:35:13.190Z] [SUCCESS] Bot settings loaded from database
[2026-02-16T21:35:13.475Z] [SUCCESS] Plugin Files Loaded
[2026-02-16T21:35:28.939Z] [SUCCESS] Bot settings loaded from database
[2026-02-16T21:35:29.280Z] [SUCCESS] Plugin Files Loaded
[2026-02-16T21:35:40.371Z] [SUCCESS] Bot settings loaded from database
[2026-02-16T21:35:40.875Z] [SUCCESS] Plugin Files Loaded
[2026-02-16T21:35:52.142Z] [SUCCESS] Bot settings loaded from database
[2026-02-16T21:35:52.419Z] [SUCCESS] Plugin Files Loaded
[2026-02-16T21:36:06.679Z] [SUCCESS] Bot settings loaded from database
[2026-02-16T21:36:07.108Z] [SUCCESS] Plugin Files Loaded
[2026-02-16T21:36:22.549Z] [SUCCESS] Bot settings loaded from database
[2026-02-16T21:36:22.871Z] [SUCCESS] Plugin Files Loaded
[2026-02-16T21:36:37.032Z] [SUCCESS] Bot settings loaded from database
[2026-02-16T21:36:37.319Z] [SUCCESS] Plugin Files Loaded
[2026-02-16T21:36:48.979Z] [SUCCESS] Bot settings loaded from database
[2026-02-16T21:36:49.303Z] [SUCCESS] Plugin Files Loaded
[2026-02-16T21:37:01.004Z] [SUCCESS] Bot settings loaded from database
[2026-02-16T21:37:01.327Z] [SUCCESS] Plugin Files Loaded
[2026-02-16T21:37:13.193Z] [SUCCESS] Bot settings loaded from database
[2026-02-16T21:37:13.486Z] [SUCCESS] Plugin Files Loaded
[2026-02-16T21:37:28.420Z] [SUCCESS] Bot settings loaded from database
[2026-02-16T21:37:28.734Z] [SUCCESS] Plugin Files Loaded
[2026-02-16T21:37:41.496Z] [SUCCESS] Bot settings loaded from database
[2026-02-16T21:37:41.853Z] [SUCCESS] Plugin Files Loaded
[2026-02-16T21:37:55.288Z] [SUCCESS] Bot settings loaded from database
[2026-02-16T21:37:55.606Z] [SUCCESS] Plugin Files Loaded
[2026-02-16T21:38:10.745Z] [SUCCESS] Bot settings loaded from database
[2026-02-16T21:38:11.054Z] [SUCCESS] Plugin Files Loaded
[2026-02-16T21:38:24.958Z] [SUCCESS] Bot settings loaded from database
[2026-02-16T21:38:25.481Z] [SUCCESS] Plugin Files Loaded
[2026-02-16T21:38:38.680Z] [SUCCESS] Bot settings loaded from database
[2026-02-16T21:38:38.993Z] [SUCCESS] Plugin Files Loaded
[2026-02-16T21:38:54.352Z] [SUCCESS] Bot settings loaded from database
[2026-02-16T21:38:54.646Z] [SUCCESS] Plugin Files Loaded
[2026-02-16T21:39:08.198Z] [SUCCESS] Bot settings loaded from database
[2026-02-16T21:39:08.525Z] [SUCCESS] Plugin Files Loaded
[2026-02-16T21:39:21.136Z] [SUCCESS] Bot settings loaded from database
[2026-02-16T21:39:21.504Z] [SUCCESS] Plugin Files Loaded
[2026-02-16T21:39:35.883Z] [SUCCESS] Bot settings loaded from database
[2026-02-16T21:39:36.179Z] [SUCCESS] Plugin Files Loaded
[2026-02-16T21:39:51.298Z] [SUCCESS] Bot settings loaded from database
[2026-02-16T21:39:51.643Z] [SUCCESS] Plugin Files Loaded
[2026-02-16T21:40:05.912Z] [SUCCESS] Bot settings loaded from database
[2026-02-16T21:40:06.205Z] [SUCCESS] Plugin Files Loaded
[2026-02-16T21:40:19.439Z] [SUCCESS] Bot settings loaded from database
[2026-02-16T21:40:19.747Z] [SUCCESS] Plugin Files Loaded
[2026-02-16T21:40:32.850Z] [SUCCESS] Bot settings loaded from database
[2026-02-16T21:40:33.387Z] [SUCCESS] Plugin Files Loaded
[2026-02-16T21:40:47.650Z] [SUCCESS] Bot settings loaded from database
[2026-02-16T21:40:47.972Z] [SUCCESS] Plugin Files Loaded
[2026-02-16T21:41:00.413Z] [SUCCESS] Bot settings loaded from database
[2026-02-16T21:41:00.690Z] [SUCCESS] Plugin Files Loaded
[2026-02-16T21:41:14.879Z] [SUCCESS] Bot settings loaded from database
[2026-02-16T21:41:15.221Z] [SUCCESS] Plugin Files Loaded
[2026-02-16T21:41:27.434Z] [SUCCESS] Bot settings loaded from database
[2026-02-16T21:41:27.743Z] [SUCCESS] Plugin Files Loaded
[2026-02-16T21:41:40.983Z] [SUCCESS] Bot settings loaded from database
[2026-02-16T21:41:41.287Z] [SUCCESS] Plugin Files Loaded
[2026-02-16T21:41:50.603Z] [SUCCESS] Bot settings loaded from database
[2026-02-16T21:41:51.557Z] [SUCCESS] Plugin Files Loaded
[2026-02-16T21:41:53.388Z] [SUCCESS] Bot settings loaded from database
[2026-02-16T21:41:53.685Z] [SUCCESS] Plugin Files Loaded
[2026-02-16T21:41:54.272Z] [SUCCESS] ✅ ISCE-BOT is active, enjoy 😀
[2026-02-16T21:41:55.257Z] [SUCCESS] ✅ ISCE-BOT is active, enjoy 😀
[2026-02-16T21:41:59.277Z] [SUCCESS] 🗿ISCE-BOT is connected to Whatsapp and active💥
[2026-02-16T21:42:00.261Z] [SUCCESS] 🗿ISCE-BOT is connected to Whatsapp and active💥
[2026-02-16T21:42:09.694Z] [SUCCESS] Bot settings loaded from database
[2026-02-16T21:42:10.016Z] [SUCCESS] Plugin Files Loaded
[2026-02-16T21:42:11.467Z] [SUCCESS] ✅ ISCE-BOT is active, enjoy 😀
[2026-02-16T21:42:16.469Z] [SUCCESS] 🗿ISCE-BOT is connected to Whatsapp and active💥
[2026-02-16T21:42:26.035Z] [SUCCESS] Bot settings loaded from database
[2026-02-16T21:42:26.385Z] [SUCCESS] Plugin Files Loaded
[2026-02-16T21:42:39.438Z] [SUCCESS] Bot settings loaded from database
[2026-02-16T21:42:39.792Z] [SUCCESS] Plugin Files Loaded
[2026-02-16T21:42:41.893Z] [SUCCESS] Bot settings loaded from database
[2026-02-16T21:42:42.965Z] [SUCCESS] Plugin Files Loaded
[2026-02-16T21:42:45.331Z] [SUCCESS] ✅ ISCE-BOT is active, enjoy 😀
[2026-02-16T21:42:50.335Z] [SUCCESS] 🗿ISCE-BOT is connected to Whatsapp and active💥
[2026-02-16T21:42:53.922Z] [SUCCESS] Bot settings loaded from database
[2026-02-16T21:42:54.215Z] [SUCCESS] Plugin Files Loaded
[2026-02-16T21:43:05.522Z] [SUCCESS] Bot settings loaded from database
[2026-02-16T21:43:05.821Z] [SUCCESS] Plugin Files Loaded
[2026-02-16T21:43:20.068Z] [SUCCESS] Bot settings loaded from database
[2026-02-16T21:43:20.437Z] [SUCCESS] Plugin Files Loaded
[2026-02-16T21:43:34.618Z] [SUCCESS] Bot settings loaded from database
[2026-02-16T21:43:34.907Z] [SUCCESS] Plugin Files Loaded
[2026-02-16T21:43:48.860Z] [SUCCESS] Bot settings loaded from database
[2026-02-16T21:43:49.187Z] [SUCCESS] Plugin Files Loaded
[2026-02-16T21:44:03.832Z] [SUCCESS] Bot settings loaded from database
[2026-02-16T21:44:04.119Z] [SUCCESS] Plugin Files Loaded
[2026-02-16T21:44:15.316Z] [SUCCESS] Bot settings loaded from database
[2026-02-16T21:44:15.633Z] [SUCCESS] Plugin Files Loaded
[2026-02-16T21:44:28.771Z] [SUCCESS] Bot settings loaded from database
[2026-02-16T21:44:29.083Z] [SUCCESS] Plugin Files Loaded
[2026-02-16T21:44:43.062Z] [SUCCESS] Bot settings loaded from database
[2026-02-16T21:44:43.352Z] [SUCCESS] Plugin Files Loaded
[2026-02-16T21:44:58.937Z] [SUCCESS] Bot settings loaded from database
[2026-02-16T21:44:59.245Z] [SUCCESS] Plugin Files Loaded
[2026-02-16T21:45:14.297Z] [SUCCESS] Bot settings loaded from database
[2026-02-16T21:45:14.600Z] [SUCCESS] Plugin Files Loaded
[2026-02-16T21:45:28.532Z] [SUCCESS] Bot settings loaded from database
[2026-02-16T21:45:28.833Z] [SUCCESS] Plugin Files Loaded
[2026-02-16T21:45:40.552Z] [SUCCESS] Bot settings loaded from database
[2026-02-16T21:45:40.862Z] [SUCCESS] Plugin Files Loaded
[2026-02-16T21:45:54.343Z] [SUCCESS] Bot settings loaded from database
[2026-02-16T21:45:54.655Z] [SUCCESS] Plugin Files Loaded
[2026-02-16T21:46:10.476Z] [SUCCESS] Bot settings loaded from database
[2026-02-16T21:46:10.793Z] [SUCCESS] Plugin Files Loaded
[2026-02-16T21:46:25.394Z] [SUCCESS] Bot settings loaded from database
[2026-02-16T21:46:25.679Z] [SUCCESS] Plugin Files Loaded
[2026-02-16T21:46:40.120Z] [SUCCESS] Bot settings loaded from database
[2026-02-16T21:46:40.408Z] [SUCCESS] Plugin Files Loaded
[2026-02-16T21:46:54.728Z] [SUCCESS] Bot settings loaded from database
[2026-02-16T21:46:55.053Z] [SUCCESS] Plugin Files Loaded
[2026-02-16T21:47:07.380Z] [SUCCESS] Bot settings loaded from database
[2026-02-16T21:47:07.448Z] [SUCCESS] Bot settings loaded from database
[2026-02-16T21:47:07.731Z] [SUCCESS] Plugin Files Loaded
[2026-02-16T21:47:08.476Z] [SUCCESS] Plugin Files Loaded
[2026-02-16T21:47:09.153Z] [SUCCESS] ✅ ISCE-BOT is active, enjoy 😀
[2026-02-16T21:47:10.019Z] [SUCCESS] ✅ ISCE-BOT is active, enjoy 😀
[2026-02-16T21:47:14.155Z] [SUCCESS] 🗿ISCE-BOT is connected to Whatsapp and active💥
[2026-02-16T21:47:15.023Z] [SUCCESS] 🗿ISCE-BOT is connected to Whatsapp and active💥
[2026-02-16T21:47:24.519Z] [SUCCESS] Bot settings loaded from database
[2026-02-16T21:47:24.815Z] [SUCCESS] Plugin Files Loaded
[2026-02-16T21:47:39.650Z] [SUCCESS] Bot settings loaded from database
[2026-02-16T21:47:39.950Z] [SUCCESS] Plugin Files Loaded
[2026-02-16T21:47:48.046Z] [SUCCESS] Command menu executed successfully
[2026-02-16T21:47:53.396Z] [SUCCESS] Command ping executed successfully
[2026-02-16T21:47:55.207Z] [SUCCESS] Bot settings loaded from database
[2026-02-16T21:47:55.876Z] [SUCCESS] Plugin Files Loaded
[2026-02-16T21:48:08.856Z] [SUCCESS] Bot settings loaded from database
[2026-02-16T21:48:14.492Z] [SUCCESS] Plugin Files Loaded
[2026-02-16T21:48:28.963Z] [SUCCESS] Bot settings loaded from database
[2026-02-16T21:48:29.318Z] [SUCCESS] Plugin Files Loaded
[2026-02-16T21:48:40.443Z] [SUCCESS] Bot settings loaded from database
[2026-02-16T21:48:40.728Z] [SUCCESS] Plugin Files Loaded
[2026-02-16T21:48:55.784Z] [SUCCESS] Bot settings loaded from database
[2026-02-16T21:48:56.102Z] [SUCCESS] Plugin Files Loaded
[2026-02-16T21:49:09.372Z] [SUCCESS] Command play executed successfully
[2026-02-16T21:49:11.330Z] [SUCCESS] Bot settings loaded from database
[2026-02-16T21:49:11.663Z] [SUCCESS] Plugin Files Loaded
[2026-02-16T21:49:26.747Z] [SUCCESS] Bot settings loaded from database
[2026-02-16T21:49:27.146Z] [SUCCESS] Plugin Files Loaded
[2026-02-16T21:49:42.837Z] [SUCCESS] Bot settings loaded from database
[2026-02-16T21:49:43.354Z] [SUCCESS] Plugin Files Loaded
[2026-02-16T21:49:56.243Z] [SUCCESS] Bot settings loaded from database
[2026-02-16T21:49:56.627Z] [SUCCESS] Plugin Files Loaded
[2026-02-16T21:50:07.465Z] [SUCCESS] Command listtemplates executed successfully
[2026-02-16T21:50:08.205Z] [SUCCESS] Bot settings loaded from database
[2026-02-16T21:50:08.523Z] [SUCCESS] Plugin Files Loaded
[2026-02-16T21:50:21.264Z] [SUCCESS] Bot settings loaded from database
[2026-02-16T21:50:21.591Z] [SUCCESS] Plugin Files Loaded
[2026-02-16T21:50:36.966Z] [SUCCESS] Bot settings loaded from database
[2026-02-16T21:50:38.447Z] [SUCCESS] Plugin Files Loaded
[2026-02-16T21:50:47.935Z] [SUCCESS] Command loadtemplate executed successfully
[2026-02-16T21:50:50.276Z] [SUCCESS] Bot settings loaded from database
[2026-02-16T21:50:50.606Z] [SUCCESS] Plugin Files Loaded
[2026-02-16T21:51:02.390Z] [SUCCESS] Bot settings loaded from database
[2026-02-16T21:51:02.708Z] [SUCCESS] Plugin Files Loaded
[2026-02-16T21:51:44.716Z] [SUCCESS] Command sticker executed successfully
[2026-02-16T21:53:03.637Z] [SUCCESS] Command sticker executed successfully
[2026-02-16T21:53:55.443Z] [SUCCESS] Command sticker executed successfully
[2026-02-16T21:55:28.034Z] [SUCCESS] Command jid executed successfully
[2026-02-16T21:55:48.120Z] [SUCCESS] Command foe executed successfully
[2026-02-16T21:56:00.067Z] [SUCCESS] Command banter executed successfully
[2026-02-16T21:57:26.040Z] [SUCCESS] Command campaignhelp executed successfully
[2026-02-16T22:01:37.891Z] [SUCCESS] Command vv executed successfully
[2026-02-16T22:02:04.518Z] [SUCCESS] Command vv executed successfully
[2026-02-16T22:02:54.735Z] [SUCCESS] Command vv executed successfully
[2026-02-16T22:03:12.492Z] [SUCCESS] Command menu executed successfully
[2026-02-16T22:03:53.826Z] [SUCCESS] Command graffiti executed successfully
[2026-02-16T22:04:46.046Z] [SUCCESS] Command glitch executed successfully
[2026-02-16T22:05:20.764Z] [SUCCESS] Command sepia executed successfully
[2026-02-16T22:05:48.606Z] [SUCCESS] Command shredder executed successfully
