[2026-02-14T00:08:03.393Z] [SUCCESS] Bot settings loaded from database
[2026-02-14T00:08:04.744Z] [SUCCESS] Plugin Files Loaded
[2026-02-14T00:08:06.215Z] [SUCCESS] ✅ KIUBY-XMD is active, enjoy 😀
[2026-02-14T00:08:11.220Z] [SUCCESS] 🗿KIUBY-XMD is connected to Whatsapp and active💥
[2026-02-14T00:10:36.370Z] [SUCCESS] Command campaigninit executed successfully
[2026-02-14T00:10:36.443Z] [SUCCESS] Command campaigninit executed successfully
[2026-02-14T00:10:42.239Z] [SUCCESS] Command campaigninit executed successfully
[2026-02-14T00:11:50.497Z] [SUCCESS] Command ping executed successfully
[2026-02-14T00:20:08.965Z] [SUCCESS] Bot settings loaded from database
[2026-02-14T00:20:15.515Z] [SUCCESS] Plugin Files Loaded
[2026-02-14T00:20:17.378Z] [SUCCESS] ✅ KIUBY-XMD is active, enjoy 😀
[2026-02-14T00:20:22.397Z] [SUCCESS] 🗿KIUBY-XMD is connected to Whatsapp and active💥
[2026-02-14T00:22:57.934Z] [SUCCESS] Bot settings loaded from database
[2026-02-14T00:23:05.101Z] [SUCCESS] Plugin Files Loaded
[2026-02-14T00:23:07.309Z] [SUCCESS] ✅ KIUBY-XMD is active, enjoy 😀
[2026-02-14T00:23:12.366Z] [SUCCESS] 🗿KIUBY-XMD is connected to Whatsapp and active💥
[2026-02-14T00:25:02.608Z] [SUCCESS] Bot settings loaded from database
[2026-02-14T00:25:08.691Z] [SUCCESS] Plugin Files Loaded
[2026-02-14T00:25:10.913Z] [SUCCESS] ✅ KIUBY-XMD is active, enjoy 😀
[2026-02-14T00:25:15.941Z] [SUCCESS] 🗿KIUBY-XMD is connected to Whatsapp and active💥
[2026-02-14T00:26:47.771Z] [SUCCESS] Command campaigninit executed successfully
[2026-02-14T00:27:59.705Z] [SUCCESS] Command menu executed successfully
[2026-02-14T00:39:53.932Z] [SUCCESS] Bot settings loaded from database
[2026-02-14T00:40:00.895Z] [SUCCESS] Plugin Files Loaded
[2026-02-14T00:40:03.990Z] [SUCCESS] ✅ KIUBY-XMD is active, enjoy 😀
[2026-02-14T00:40:08.995Z] [SUCCESS] 🗿KIUBY-XMD is connected to Whatsapp and active💥
[2026-02-14T00:51:54.404Z] [SUCCESS] Bot settings loaded from database
[2026-02-14T00:52:00.727Z] [SUCCESS] Plugin Files Loaded
[2026-02-14T00:52:03.186Z] [SUCCESS] ✅ KIUBY-XMD is active, enjoy 😀
[2026-02-14T00:52:08.230Z] [SUCCESS] 🗿KIUBY-XMD is connected to Whatsapp and active💥
[2026-02-14T02:42:28.818Z] [SUCCESS] Command menu executed successfully
[2026-02-14T03:13:10.847Z] [SUCCESS] Bot settings loaded from database
[2026-02-14T03:13:11.893Z] [SUCCESS] Plugin Files Loaded
[2026-02-14T03:13:14.269Z] [SUCCESS] ✅ KIUBY-XMD is active, enjoy 😀
[2026-02-14T03:13:19.276Z] [SUCCESS] 🗿KIUBY-XMD is connected to Whatsapp and active💥
[2026-02-14T03:53:52.233Z] [SUCCESS] Bot settings loaded from database
[2026-02-14T03:53:53.438Z] [SUCCESS] Plugin Files Loaded
[2026-02-14T03:53:54.811Z] [SUCCESS] ✅ KIUBY-XMD is active, enjoy 😀
[2026-02-14T03:53:59.820Z] [SUCCESS] 🗿KIUBY-XMD is connected to Whatsapp and active💥
[2026-02-14T05:20:19.921Z] [SUCCESS] Bot settings loaded from database
[2026-02-14T05:20:20.541Z] [SUCCESS] Plugin Files Loaded
[2026-02-14T05:20:22.867Z] [SUCCESS] ✅ KIUBY-XMD is active, enjoy 😀
[2026-02-14T05:20:27.869Z] [SUCCESS] 🗿KIUBY-XMD is connected to Whatsapp and active💥
[2026-02-14T05:42:01.042Z] [SUCCESS] Bot settings loaded from database
[2026-02-14T05:42:03.236Z] [SUCCESS] Plugin Files Loaded
[2026-02-14T05:42:04.820Z] [SUCCESS] ✅ KIUBY-XMD is active, enjoy 😀
[2026-02-14T05:42:09.822Z] [SUCCESS] 🗿KIUBY-XMD is connected to Whatsapp and active💥
[2026-02-14T06:15:21.079Z] [SUCCESS] Command sticker executed successfully
