[2026-02-17T00:11:26.897Z] [WARNING] Connection closed due to: 408
[2026-02-17T00:11:26.897Z] [WARNING] Connection lost from server, reconnecting...
[2026-02-17T00:11:31.900Z] [WARNING] Reconnection attempt 1/50 in 5000ms...
[2026-02-17T00:54:57.495Z] [WARNING] Connection closed due to: 405
[2026-02-17T00:54:57.507Z] [WARNING] Unknown disconnect reason: 405, attempting reconnection...
[2026-02-17T00:55:02.508Z] [WARNING] Reconnection attempt 1/50 in 5000ms...
[2026-02-17T00:55:08.660Z] [WARNING] Connection closed due to: 408
[2026-02-17T00:55:08.661Z] [WARNING] Connection lost from server, reconnecting...
[2026-02-17T00:55:13.674Z] [WARNING] Reconnection attempt 1/50 in 5000ms...
[2026-02-17T00:55:21.682Z] [WARNING] Connection closed due to: 405
[2026-02-17T00:55:21.682Z] [WARNING] Unknown disconnect reason: 405, attempting reconnection...
[2026-02-17T00:55:26.685Z] [WARNING] Reconnection attempt 1/50 in 5000ms...
[2026-02-17T00:55:33.369Z] [WARNING] Connection closed due to: 440
[2026-02-17T00:55:33.371Z] [WARNING] Connection replaced, waiting 10s before retry...
[2026-02-17T00:55:43.377Z] [WARNING] Reconnection attempt 1/50 in 5000ms...
[2026-02-17T00:55:50.035Z] [WARNING] Connection closed due to: 440
[2026-02-17T00:55:50.036Z] [WARNING] Connection replaced, waiting 10s before retry...
[2026-02-17T00:55:59.685Z] [WARNING] Connection closed due to: 440
[2026-02-17T00:55:59.688Z] [WARNING] Connection replaced, waiting 10s before retry...
[2026-02-17T00:56:00.040Z] [WARNING] Reconnection attempt 1/50 in 5000ms...
[2026-02-17T00:56:07.158Z] [WARNING] Connection closed due to: 440
[2026-02-17T00:56:07.158Z] [WARNING] Connection replaced, waiting 10s before retry...
[2026-02-17T00:56:09.689Z] [WARNING] Reconnection attempt 1/50 in 5000ms...
[2026-02-17T00:56:16.756Z] [WARNING] Connection closed due to: 440
[2026-02-17T00:56:16.756Z] [WARNING] Connection replaced, waiting 10s before retry...
[2026-02-17T00:56:17.164Z] [WARNING] Reconnection attempt 1/50 in 5000ms...
[2026-02-17T00:56:24.233Z] [WARNING] Connection closed due to: 440
[2026-02-17T00:56:24.234Z] [WARNING] Connection replaced, waiting 10s before retry...
[2026-02-17T00:56:26.761Z] [WARNING] Reconnection attempt 1/50 in 5000ms...
[2026-02-17T00:56:33.687Z] [WARNING] Connection closed due to: 408
[2026-02-17T00:56:33.687Z] [WARNING] Connection lost from server, reconnecting...
[2026-02-17T00:56:34.238Z] [WARNING] Reconnection attempt 1/50 in 5000ms...
[2026-02-17T00:56:38.688Z] [WARNING] Reconnection attempt 1/50 in 5000ms...
[2026-02-17T00:56:41.202Z] [WARNING] Connection closed due to: 408
[2026-02-17T00:56:41.202Z] [WARNING] Connection lost from server, reconnecting...
[2026-02-17T00:56:46.203Z] [WARNING] Reconnection attempt 1/50 in 5000ms...
[2026-02-17T00:56:50.914Z] [WARNING] Connection closed due to: 405
[2026-02-17T00:56:50.916Z] [WARNING] Unknown disconnect reason: 405, attempting reconnection...
[2026-02-17T00:56:53.817Z] [WARNING] Connection closed due to: 440
[2026-02-17T00:56:53.817Z] [WARNING] Connection replaced, waiting 10s before retry...
[2026-02-17T00:56:55.920Z] [WARNING] Reconnection attempt 1/50 in 5000ms...
[2026-02-17T00:57:03.700Z] [WARNING] Connection closed due to: 440
[2026-02-17T00:57:03.701Z] [WARNING] Connection replaced, waiting 10s before retry...
[2026-02-17T00:57:03.817Z] [WARNING] Reconnection attempt 1/50 in 5000ms...
[2026-02-17T00:57:10.585Z] [WARNING] Connection closed due to: 440
[2026-02-17T00:57:10.585Z] [WARNING] Connection replaced, waiting 10s before retry...
[2026-02-17T00:57:13.702Z] [WARNING] Reconnection attempt 1/50 in 5000ms...
[2026-02-17T00:57:20.587Z] [WARNING] Reconnection attempt 1/50 in 5000ms...
[2026-02-17T00:57:22.692Z] [WARNING] Connection closed due to: 405
[2026-02-17T00:57:22.692Z] [WARNING] Unknown disconnect reason: 405, attempting reconnection...
[2026-02-17T00:57:27.415Z] [WARNING] Connection closed due to: 440
[2026-02-17T00:57:27.416Z] [WARNING] Connection replaced, waiting 10s before retry...
[2026-02-17T00:57:27.695Z] [WARNING] Reconnection attempt 1/50 in 5000ms...
[2026-02-17T00:57:34.332Z] [WARNING] Connection closed due to: 440
[2026-02-17T00:57:34.333Z] [WARNING] Connection replaced, waiting 10s before retry...
[2026-02-17T00:57:37.417Z] [WARNING] Reconnection attempt 1/50 in 5000ms...
[2026-02-17T00:57:43.876Z] [WARNING] Connection closed due to: 405
[2026-02-17T00:57:43.877Z] [WARNING] Unknown disconnect reason: 405, attempting reconnection...
[2026-02-17T00:57:44.334Z] [WARNING] Reconnection attempt 1/50 in 5000ms...
[2026-02-17T00:57:48.879Z] [WARNING] Reconnection attempt 2/50 in 10000ms...
[2026-02-17T00:57:51.363Z] [WARNING] Connection closed due to: 440
[2026-02-17T00:57:51.363Z] [WARNING] Connection replaced, waiting 10s before retry...
[2026-02-17T00:58:01.082Z] [WARNING] Connection closed due to: 440
[2026-02-17T00:58:01.086Z] [WARNING] Connection replaced, waiting 10s before retry...
[2026-02-17T00:58:01.365Z] [WARNING] Reconnection attempt 1/50 in 5000ms...
[2026-02-17T00:58:07.960Z] [WARNING] Connection closed due to: 440
[2026-02-17T00:58:07.960Z] [WARNING] Connection replaced, waiting 10s before retry...
[2026-02-17T00:58:11.090Z] [WARNING] Reconnection attempt 1/50 in 5000ms...
[2026-02-17T00:58:17.960Z] [WARNING] Reconnection attempt 1/50 in 5000ms...
[2026-02-17T00:58:18.358Z] [WARNING] Connection closed due to: 440
[2026-02-17T00:58:18.359Z] [WARNING] Connection replaced, waiting 10s before retry...
[2026-02-17T00:58:24.592Z] [WARNING] Connection closed due to: 440
[2026-02-17T00:58:24.592Z] [WARNING] Connection replaced, waiting 10s before retry...
[2026-02-17T00:58:28.360Z] [WARNING] Reconnection attempt 1/50 in 5000ms...
[2026-02-17T00:58:34.596Z] [WARNING] Reconnection attempt 1/50 in 5000ms...
[2026-02-17T00:58:35.607Z] [WARNING] Connection closed due to: 440
[2026-02-17T00:58:35.608Z] [WARNING] Connection replaced, waiting 10s before retry...
[2026-02-17T00:58:41.267Z] [WARNING] Connection closed due to: 440
[2026-02-17T00:58:41.268Z] [WARNING] Connection replaced, waiting 10s before retry...
[2026-02-17T00:58:45.611Z] [WARNING] Reconnection attempt 1/50 in 5000ms...
[2026-02-17T00:58:51.277Z] [WARNING] Reconnection attempt 1/50 in 5000ms...
[2026-02-17T00:58:52.646Z] [WARNING] Connection closed due to: 408
[2026-02-17T00:58:52.646Z] [WARNING] Connection lost from server, reconnecting...
[2026-02-17T00:58:57.649Z] [WARNING] Reconnection attempt 1/50 in 5000ms...
[2026-02-17T00:58:58.238Z] [WARNING] Connection closed due to: 440
[2026-02-17T00:58:58.239Z] [WARNING] Connection replaced, waiting 10s before retry...
[2026-02-17T00:59:04.561Z] [WARNING] Connection closed due to: 440
[2026-02-17T00:59:04.562Z] [WARNING] Connection replaced, waiting 10s before retry...
[2026-02-17T00:59:08.243Z] [WARNING] Reconnection attempt 1/50 in 5000ms...
[2026-02-17T00:59:14.564Z] [WARNING] Reconnection attempt 1/50 in 5000ms...
[2026-02-17T00:59:19.300Z] [WARNING] Connection closed due to: 405
[2026-02-17T00:59:19.300Z] [WARNING] Unknown disconnect reason: 405, attempting reconnection...
[2026-02-17T00:59:21.266Z] [WARNING] Connection closed due to: 408
[2026-02-17T00:59:21.267Z] [WARNING] Connection lost from server, reconnecting...
[2026-02-17T00:59:24.307Z] [WARNING] Reconnection attempt 1/50 in 5000ms...
[2026-02-17T00:59:26.271Z] [WARNING] Reconnection attempt 1/50 in 5000ms...
[2026-02-17T00:59:32.394Z] [WARNING] Connection closed due to: 408
[2026-02-17T00:59:32.395Z] [WARNING] Connection lost from server, reconnecting...
[2026-02-17T00:59:35.348Z] [WARNING] Connection closed due to: 405
[2026-02-17T00:59:35.348Z] [WARNING] Unknown disconnect reason: 405, attempting reconnection...
[2026-02-17T00:59:37.396Z] [WARNING] Reconnection attempt 1/50 in 5000ms...
[2026-02-17T00:59:40.349Z] [WARNING] Reconnection attempt 1/50 in 5000ms...
[2026-02-17T00:59:43.554Z] [WARNING] Connection closed due to: 408
[2026-02-17T00:59:43.554Z] [WARNING] Connection lost from server, reconnecting...
[2026-02-17T00:59:48.563Z] [WARNING] Reconnection attempt 1/50 in 5000ms...
[2026-02-17T00:59:52.511Z] [WARNING] Connection closed due to: 405
[2026-02-17T00:59:52.512Z] [WARNING] Unknown disconnect reason: 405, attempting reconnection...
[2026-02-17T00:59:55.639Z] [WARNING] Connection closed due to: 440
[2026-02-17T00:59:55.644Z] [WARNING] Connection replaced, waiting 10s before retry...
[2026-02-17T00:59:57.513Z] [WARNING] Reconnection attempt 1/50 in 5000ms...
[2026-02-17T01:00:03.911Z] [WARNING] Connection closed due to: 440
[2026-02-17T01:00:03.911Z] [WARNING] Connection replaced, waiting 10s before retry...
[2026-02-17T01:00:03.995Z] [WARNING] Connection closed due to: 440
[2026-02-17T01:00:03.996Z] [WARNING] Connection replaced, waiting 10s before retry...
[2026-02-17T01:00:03.997Z] [WARNING] Connection closed due to: 440
[2026-02-17T01:00:04.000Z] [WARNING] Connection replaced, waiting 10s before retry...
[2026-02-17T01:00:05.646Z] [WARNING] Reconnection attempt 1/50 in 5000ms...
[2026-02-17T01:00:11.856Z] [WARNING] Connection closed due to: 408
[2026-02-17T01:00:11.858Z] [WARNING] Connection lost from server, reconnecting...
[2026-02-17T01:00:13.915Z] [WARNING] Reconnection attempt 1/50 in 5000ms...
[2026-02-17T01:00:14.001Z] [WARNING] Reconnection attempt 1/50 in 5000ms...
[2026-02-17T01:00:14.001Z] [WARNING] Reconnection attempt 2/50 in 10000ms...
[2026-02-17T01:00:16.859Z] [WARNING] Reconnection attempt 3/50 in 20000ms...
[2026-02-17T01:00:20.821Z] [WARNING] Connection closed due to: 440
[2026-02-17T01:00:20.821Z] [WARNING] Connection replaced, waiting 10s before retry...
[2026-02-17T01:00:25.472Z] [WARNING] Connection closed due to: 440
[2026-02-17T01:00:25.473Z] [WARNING] Connection replaced, waiting 10s before retry...
[2026-02-17T01:00:30.824Z] [WARNING] Reconnection attempt 1/50 in 5000ms...
[2026-02-17T01:00:35.475Z] [WARNING] Reconnection attempt 1/50 in 5000ms...
[2026-02-17T01:00:37.700Z] [WARNING] Connection closed due to: 440
[2026-02-17T01:00:37.700Z] [WARNING] Connection replaced, waiting 10s before retry...
[2026-02-17T01:00:38.483Z] [WARNING] Connection closed due to: 440
[2026-02-17T01:00:38.483Z] [WARNING] Connection replaced, waiting 10s before retry...
[2026-02-17T01:00:41.740Z] [WARNING] Connection closed due to: 440
[2026-02-17T01:00:41.742Z] [WARNING] Connection replaced, waiting 10s before retry...
[2026-02-17T01:00:47.701Z] [WARNING] Reconnection attempt 1/50 in 5000ms...
[2026-02-17T01:00:48.483Z] [WARNING] Reconnection attempt 1/50 in 5000ms...
[2026-02-17T01:00:51.749Z] [WARNING] Reconnection attempt 2/50 in 10000ms...
[2026-02-17T01:00:55.338Z] [WARNING] Connection closed due to: 440
[2026-02-17T01:00:55.339Z] [WARNING] Connection replaced, waiting 10s before retry...
[2026-02-17T01:00:55.571Z] [WARNING] Connection closed due to: 440
[2026-02-17T01:00:55.573Z] [WARNING] Connection replaced, waiting 10s before retry...
[2026-02-17T01:01:03.980Z] [WARNING] Connection closed due to: 440
[2026-02-17T01:01:03.980Z] [WARNING] Connection replaced, waiting 10s before retry...
[2026-02-17T01:01:05.344Z] [WARNING] Reconnection attempt 1/50 in 5000ms...
[2026-02-17T01:01:05.578Z] [WARNING] Reconnection attempt 2/50 in 10000ms...
[2026-02-17T01:01:10.562Z] [WARNING] Connection closed due to: 440
[2026-02-17T01:01:10.562Z] [WARNING] Connection replaced, waiting 10s before retry...
[2026-02-17T01:01:12.086Z] [WARNING] Connection closed due to: 440
[2026-02-17T01:01:12.086Z] [WARNING] Connection replaced, waiting 10s before retry...
[2026-02-17T01:01:13.982Z] [WARNING] Reconnection attempt 1/50 in 5000ms...
[2026-02-17T01:01:17.734Z] [WARNING] Connection closed due to: 428
[2026-02-17T01:01:17.735Z] [WARNING] Connection closed, reconnecting...
[2026-02-17T01:01:20.564Z] [WARNING] Reconnection attempt 1/50 in 5000ms...
[2026-02-17T01:01:20.916Z] [WARNING] Connection closed due to: 405
[2026-02-17T01:01:20.917Z] [WARNING] Unknown disconnect reason: 405, attempting reconnection...
[2026-02-17T01:01:22.087Z] [WARNING] Reconnection attempt 2/50 in 10000ms...
[2026-02-17T01:01:22.739Z] [WARNING] Reconnection attempt 3/50 in 20000ms...
[2026-02-17T01:01:25.918Z] [WARNING] Reconnection attempt 1/50 in 5000ms...
[2026-02-17T01:01:27.295Z] [WARNING] Connection closed due to: 428
[2026-02-17T01:01:27.296Z] [WARNING] Connection closed, reconnecting...
[2026-02-17T01:01:27.551Z] [WARNING] Connection closed due to: 440
[2026-02-17T01:01:27.551Z] [WARNING] Connection replaced, waiting 10s before retry...
[2026-02-17T01:01:32.297Z] [WARNING] Reconnection attempt 1/50 in 5000ms...
[2026-02-17T01:01:32.393Z] [WARNING] Connection closed due to: 440
[2026-02-17T01:01:32.394Z] [WARNING] Connection replaced, waiting 10s before retry...
[2026-02-17T01:01:37.552Z] [WARNING] Reconnection attempt 1/50 in 5000ms...
[2026-02-17T01:01:40.049Z] [WARNING] Connection closed due to: 440
[2026-02-17T01:01:40.049Z] [WARNING] Connection replaced, waiting 10s before retry...
[2026-02-17T01:01:42.398Z] [WARNING] Reconnection attempt 1/50 in 5000ms...
[2026-02-17T01:01:43.912Z] [WARNING] Connection closed due to: 440
[2026-02-17T01:01:43.913Z] [WARNING] Connection replaced, waiting 10s before retry...
[2026-02-17T01:01:44.313Z] [WARNING] Connection closed due to: 440
[2026-02-17T01:01:44.314Z] [WARNING] Connection replaced, waiting 10s before retry...
[2026-02-17T01:01:49.580Z] [WARNING] Connection closed due to: 440
[2026-02-17T01:01:49.581Z] [WARNING] Connection replaced, waiting 10s before retry...
[2026-02-17T01:01:50.050Z] [WARNING] Reconnection attempt 1/50 in 5000ms...
[2026-02-17T01:01:53.913Z] [WARNING] Reconnection attempt 1/50 in 5000ms...
[2026-02-17T01:01:54.315Z] [WARNING] Reconnection attempt 2/50 in 10000ms...
[2026-02-17T01:01:57.152Z] [WARNING] Connection closed due to: 440
[2026-02-17T01:01:57.152Z] [WARNING] Connection replaced, waiting 10s before retry...
[2026-02-17T01:01:59.582Z] [WARNING] Reconnection attempt 3/50 in 20000ms...
[2026-02-17T01:02:01.564Z] [WARNING] Connection closed due to: 408
[2026-02-17T01:02:01.565Z] [WARNING] Connection lost from server, reconnecting...
[2026-02-17T01:02:06.570Z] [WARNING] Reconnection attempt 1/50 in 5000ms...
[2026-02-17T01:02:07.154Z] [WARNING] Reconnection attempt 1/50 in 5000ms...
[2026-02-17T01:02:10.058Z] [WARNING] Connection closed due to: 440
[2026-02-17T01:02:10.060Z] [WARNING] Connection replaced, waiting 10s before retry...
[2026-02-17T01:02:10.081Z] [WARNING] Connection closed due to: 405
[2026-02-17T01:02:10.083Z] [WARNING] Unknown disconnect reason: 405, attempting reconnection...
[2026-02-17T01:02:14.589Z] [WARNING] Connection closed due to: 440
[2026-02-17T01:02:14.591Z] [WARNING] Connection replaced, waiting 10s before retry...
[2026-02-17T01:02:14.686Z] [WARNING] Connection closed due to: 440
[2026-02-17T01:02:14.690Z] [WARNING] Connection replaced, waiting 10s before retry...
[2026-02-17T01:02:15.106Z] [WARNING] Reconnection attempt 1/50 in 5000ms...
[2026-02-17T01:02:20.064Z] [WARNING] Reconnection attempt 1/50 in 5000ms...
[2026-02-17T01:02:21.879Z] [WARNING] Connection closed due to: 440
[2026-02-17T01:02:21.879Z] [WARNING] Connection replaced, waiting 10s before retry...
[2026-02-17T01:02:24.596Z] [WARNING] Reconnection attempt 1/50 in 5000ms...
[2026-02-17T01:02:24.692Z] [WARNING] Reconnection attempt 2/50 in 10000ms...
[2026-02-17T01:02:27.781Z] [WARNING] Connection closed due to: 440
[2026-02-17T01:02:27.782Z] [WARNING] Connection replaced, waiting 10s before retry...
[2026-02-17T01:02:31.127Z] [WARNING] Connection closed due to: 408
[2026-02-17T01:02:31.128Z] [WARNING] Connection lost from server, reconnecting...
[2026-02-17T01:02:31.886Z] [WARNING] Reconnection attempt 1/50 in 5000ms...
[2026-02-17T01:02:33.802Z] [WARNING] Connection closed due to: 405
[2026-02-17T01:02:33.803Z] [WARNING] Unknown disconnect reason: 405, attempting reconnection...
[2026-02-17T01:02:36.001Z] [WARNING] Connection closed due to: 440
[2026-02-17T01:02:36.001Z] [WARNING] Connection replaced, waiting 10s before retry...
[2026-02-17T01:02:36.129Z] [WARNING] Reconnection attempt 1/50 in 5000ms...
[2026-02-17T01:02:37.784Z] [WARNING] Reconnection attempt 1/50 in 5000ms...
[2026-02-17T01:02:38.804Z] [WARNING] Reconnection attempt 1/50 in 5000ms...
[2026-02-17T01:02:41.009Z] [WARNING] Connection closed due to: 405
[2026-02-17T01:02:41.013Z] [WARNING] Unknown disconnect reason: 405, attempting reconnection...
[2026-02-17T01:02:45.338Z] [WARNING] Connection closed due to: 440
[2026-02-17T01:02:45.339Z] [WARNING] Connection replaced, waiting 10s before retry...
[2026-02-17T01:02:45.985Z] [WARNING] Connection closed due to: 440
[2026-02-17T01:02:45.986Z] [WARNING] Connection replaced, waiting 10s before retry...
[2026-02-17T01:02:46.006Z] [WARNING] Reconnection attempt 1/50 in 5000ms...
[2026-02-17T01:02:46.014Z] [WARNING] Reconnection attempt 1/50 in 5000ms...
[2026-02-17T01:02:47.319Z] [WARNING] Connection closed due to: 405
[2026-02-17T01:02:47.320Z] [WARNING] Unknown disconnect reason: 405, attempting reconnection...
[2026-02-17T01:02:51.192Z] [WARNING] Connection closed due to: 440
[2026-02-17T01:02:51.192Z] [WARNING] Connection replaced, waiting 10s before retry...
[2026-02-17T01:02:51.650Z] [WARNING] Connection closed due to: 408
[2026-02-17T01:02:51.650Z] [WARNING] Connection lost from server, reconnecting...
[2026-02-17T01:02:52.199Z] [WARNING] Connection closed due to: 428
[2026-02-17T01:02:52.199Z] [WARNING] Connection closed, reconnecting...
[2026-02-17T01:02:52.323Z] [WARNING] Reconnection attempt 1/50 in 5000ms...
[2026-02-17T01:02:55.341Z] [WARNING] Reconnection attempt 2/50 in 10000ms...
[2026-02-17T01:02:55.989Z] [WARNING] Reconnection attempt 3/50 in 20000ms...
[2026-02-17T01:02:56.652Z] [WARNING] Reconnection attempt 4/50 in 40000ms...
[2026-02-17T01:02:57.206Z] [WARNING] Reconnection attempt 1/50 in 5000ms...
[2026-02-17T01:03:00.070Z] [WARNING] Connection closed due to: 440
[2026-02-17T01:03:00.070Z] [WARNING] Connection replaced, waiting 10s before retry...
[2026-02-17T01:03:01.200Z] [WARNING] Reconnection attempt 2/50 in 10000ms...
[2026-02-17T01:03:04.099Z] [WARNING] Connection closed due to: 440
[2026-02-17T01:03:04.100Z] [WARNING] Connection replaced, waiting 10s before retry...
[2026-02-17T01:03:10.076Z] [WARNING] Reconnection attempt 1/50 in 5000ms...
[2026-02-17T01:03:10.913Z] [WARNING] Connection closed due to: 405
[2026-02-17T01:03:10.946Z] [WARNING] Unknown disconnect reason: 405, attempting reconnection...
[2026-02-17T01:03:14.101Z] [WARNING] Reconnection attempt 2/50 in 10000ms...
[2026-02-17T01:03:15.949Z] [WARNING] Reconnection attempt 3/50 in 20000ms...
[2026-02-17T01:03:24.701Z] [WARNING] Connection closed due to: 405
[2026-02-17T01:03:24.702Z] [WARNING] Unknown disconnect reason: 405, attempting reconnection...
[2026-02-17T01:03:26.352Z] [WARNING] Connection closed due to: 440
[2026-02-17T01:03:26.353Z] [WARNING] Connection replaced, waiting 10s before retry...
[2026-02-17T01:03:26.952Z] [WARNING] Connection closed due to: 440
[2026-02-17T01:03:26.952Z] [WARNING] Connection replaced, waiting 10s before retry...
[2026-02-17T01:03:27.920Z] [WARNING] Connection closed due to: 405
[2026-02-17T01:03:27.921Z] [WARNING] Unknown disconnect reason: 405, attempting reconnection...
[2026-02-17T01:03:29.232Z] [WARNING] Connection closed due to: 405
[2026-02-17T01:03:29.233Z] [WARNING] Unknown disconnect reason: 405, attempting reconnection...
[2026-02-17T01:03:29.707Z] [WARNING] Reconnection attempt 1/50 in 5000ms...
[2026-02-17T01:03:32.928Z] [WARNING] Reconnection attempt 1/50 in 5000ms...
[2026-02-17T01:03:34.233Z] [WARNING] Reconnection attempt 2/50 in 10000ms...
[2026-02-17T01:03:36.353Z] [WARNING] Reconnection attempt 1/50 in 5000ms...
[2026-02-17T01:03:36.953Z] [WARNING] Reconnection attempt 1/50 in 5000ms...
[2026-02-17T01:03:37.832Z] [WARNING] Connection closed due to: 405
[2026-02-17T01:03:37.832Z] [WARNING] Unknown disconnect reason: 405, attempting reconnection...
[2026-02-17T01:03:38.317Z] [WARNING] Connection closed due to: 440
[2026-02-17T01:03:38.323Z] [WARNING] Connection replaced, waiting 10s before retry...
[2026-02-17T01:03:38.733Z] [WARNING] Connection closed due to: 440
[2026-02-17T01:03:38.733Z] [WARNING] Connection replaced, waiting 10s before retry...
[2026-02-17T01:03:39.460Z] [WARNING] Connection closed due to: 440
[2026-02-17T01:03:39.460Z] [WARNING] Connection replaced, waiting 10s before retry...
[2026-02-17T01:03:40.217Z] [WARNING] Connection closed due to: 405
[2026-02-17T01:03:40.218Z] [WARNING] Unknown disconnect reason: 405, attempting reconnection...
[2026-02-17T01:03:42.834Z] [WARNING] Reconnection attempt 1/50 in 5000ms...
[2026-02-17T01:03:43.088Z] [WARNING] Connection closed due to: 440
[2026-02-17T01:03:43.090Z] [WARNING] Connection replaced, waiting 10s before retry...
[2026-02-17T01:03:43.412Z] [WARNING] Connection closed due to: 440
[2026-02-17T01:03:43.417Z] [WARNING] Connection replaced, waiting 10s before retry...
[2026-02-17T01:03:45.218Z] [WARNING] Reconnection attempt 1/50 in 5000ms...
[2026-02-17T01:03:45.701Z] [WARNING] Connection closed due to: 440
[2026-02-17T01:03:45.701Z] [WARNING] Connection replaced, waiting 10s before retry...
[2026-02-17T01:03:48.325Z] [WARNING] Reconnection attempt 1/50 in 5000ms...
[2026-02-17T01:03:48.734Z] [WARNING] Reconnection attempt 2/50 in 10000ms...
[2026-02-17T01:03:49.463Z] [WARNING] Reconnection attempt 3/50 in 20000ms...
[2026-02-17T01:03:53.093Z] [WARNING] Reconnection attempt 1/50 in 5000ms...
[2026-02-17T01:03:53.419Z] [WARNING] Reconnection attempt 2/50 in 10000ms...
[2026-02-17T01:03:54.325Z] [WARNING] Connection closed due to: 440
[2026-02-17T01:03:54.325Z] [WARNING] Connection replaced, waiting 10s before retry...
[2026-02-17T01:03:55.703Z] [WARNING] Reconnection attempt 1/50 in 5000ms...
[2026-02-17T01:03:57.216Z] [WARNING] Connection closed due to: 440
[2026-02-17T01:03:57.228Z] [WARNING] Connection replaced, waiting 10s before retry...
[2026-02-17T01:03:58.163Z] [WARNING] Connection closed due to: 405
[2026-02-17T01:03:58.165Z] [WARNING] Unknown disconnect reason: 405, attempting reconnection...
[2026-02-17T01:03:59.611Z] [WARNING] Connection closed due to: 440
[2026-02-17T01:03:59.611Z] [WARNING] Connection replaced, waiting 10s before retry...
[2026-02-17T01:03:59.968Z] [WARNING] Connection closed due to: 440
[2026-02-17T01:03:59.969Z] [WARNING] Connection replaced, waiting 10s before retry...
[2026-02-17T01:04:02.261Z] [WARNING] Connection closed due to: 440
[2026-02-17T01:04:02.261Z] [WARNING] Connection replaced, waiting 10s before retry...
[2026-02-17T01:04:03.165Z] [WARNING] Reconnection attempt 1/50 in 5000ms...
[2026-02-17T01:04:04.327Z] [WARNING] Reconnection attempt 1/50 in 5000ms...
[2026-02-17T01:04:07.229Z] [WARNING] Reconnection attempt 2/50 in 10000ms...
[2026-02-17T01:04:08.495Z] [WARNING] Connection closed due to: 405
[2026-02-17T01:04:08.495Z] [WARNING] Unknown disconnect reason: 405, attempting reconnection...
[2026-02-17T01:04:09.612Z] [WARNING] Reconnection attempt 3/50 in 20000ms...
[2026-02-17T01:04:09.973Z] [WARNING] Reconnection attempt 1/50 in 5000ms...
[2026-02-17T01:04:10.086Z] [WARNING] Connection closed due to: 440
[2026-02-17T01:04:10.087Z] [WARNING] Connection replaced, waiting 10s before retry...
[2026-02-17T01:04:11.324Z] [WARNING] Connection closed due to: 440
[2026-02-17T01:04:11.330Z] [WARNING] Connection replaced, waiting 10s before retry...
[2026-02-17T01:04:11.376Z] [WARNING] Connection closed due to: 405
[2026-02-17T01:04:11.376Z] [WARNING] Unknown disconnect reason: 405, attempting reconnection...
[2026-02-17T01:04:12.265Z] [WARNING] Reconnection attempt 1/50 in 5000ms...
[2026-02-17T01:04:13.496Z] [WARNING] Reconnection attempt 1/50 in 5000ms...
[2026-02-17T01:04:15.077Z] [WARNING] Connection closed due to: 408
[2026-02-17T01:04:15.077Z] [WARNING] Connection lost from server, reconnecting...
[2026-02-17T01:04:16.374Z] [WARNING] Connection closed due to: 440
[2026-02-17T01:04:16.374Z] [WARNING] Connection replaced, waiting 10s before retry...
[2026-02-17T01:04:16.378Z] [WARNING] Reconnection attempt 1/50 in 5000ms...
[2026-02-17T01:04:18.028Z] [WARNING] Connection closed due to: 428
[2026-02-17T01:04:18.028Z] [WARNING] Connection closed, reconnecting...
[2026-02-17T01:04:18.972Z] [WARNING] Connection closed due to: 440
[2026-02-17T01:04:18.977Z] [WARNING] Connection replaced, waiting 10s before retry...
[2026-02-17T01:04:20.079Z] [WARNING] Reconnection attempt 1/50 in 5000ms...
[2026-02-17T01:04:20.089Z] [WARNING] Reconnection attempt 2/50 in 10000ms...
[2026-02-17T01:04:23.029Z] [WARNING] Reconnection attempt 1/50 in 5000ms...
[2026-02-17T01:04:23.544Z] [WARNING] Connection closed due to: 440
[2026-02-17T01:04:23.545Z] [WARNING] Connection replaced, waiting 10s before retry...
[2026-02-17T01:04:26.375Z] [WARNING] Reconnection attempt 1/50 in 5000ms...
[2026-02-17T01:04:27.613Z] [WARNING] Connection closed due to: 440
[2026-02-17T01:04:27.621Z] [WARNING] Connection replaced, waiting 10s before retry...
[2026-02-17T01:04:28.980Z] [WARNING] Reconnection attempt 1/50 in 5000ms...
[2026-02-17T01:04:29.479Z] [WARNING] Connection closed due to: 428
[2026-02-17T01:04:29.480Z] [WARNING] Connection closed, reconnecting...
[2026-02-17T01:04:31.577Z] [WARNING] Connection closed due to: 440
[2026-02-17T01:04:31.577Z] [WARNING] Connection replaced, waiting 10s before retry...
[2026-02-17T01:04:31.993Z] [WARNING] Connection closed due to: 440
[2026-02-17T01:04:31.993Z] [WARNING] Connection replaced, waiting 10s before retry...
[2026-02-17T01:04:33.061Z] [WARNING] Connection closed due to: 440
[2026-02-17T01:04:33.061Z] [WARNING] Connection replaced, waiting 10s before retry...
[2026-02-17T01:04:33.546Z] [WARNING] Reconnection attempt 1/50 in 5000ms...
[2026-02-17T01:04:34.480Z] [WARNING] Reconnection attempt 1/50 in 5000ms...
[2026-02-17T01:04:35.126Z] [WARNING] Connection closed due to: 440
[2026-02-17T01:04:35.129Z] [WARNING] Connection replaced, waiting 10s before retry...
[2026-02-17T01:04:37.629Z] [WARNING] Reconnection attempt 1/50 in 5000ms...
[2026-02-17T01:04:39.743Z] [WARNING] Connection closed due to: 440
[2026-02-17T01:04:39.743Z] [WARNING] Connection replaced, waiting 10s before retry...
[2026-02-17T01:04:40.625Z] [WARNING] Connection closed due to: 440
[2026-02-17T01:04:40.626Z] [WARNING] Connection replaced, waiting 10s before retry...
[2026-02-17T01:04:41.578Z] [WARNING] Reconnection attempt 1/50 in 5000ms...
[2026-02-17T01:04:42.002Z] [WARNING] Reconnection attempt 2/50 in 10000ms...
[2026-02-17T01:04:43.061Z] [WARNING] Reconnection attempt 1/50 in 5000ms...
[2026-02-17T01:04:44.371Z] [WARNING] Connection closed due to: 440
[2026-02-17T01:04:44.372Z] [WARNING] Connection replaced, waiting 10s before retry...
[2026-02-17T01:04:45.060Z] [WARNING] Connection closed due to: 440
[2026-02-17T01:04:45.060Z] [WARNING] Connection replaced, waiting 10s before retry...
[2026-02-17T01:04:45.133Z] [WARNING] Reconnection attempt 1/50 in 5000ms...
[2026-02-17T01:04:47.766Z] [WARNING] Connection closed due to: 440
[2026-02-17T01:04:47.766Z] [WARNING] Connection replaced, waiting 10s before retry...
[2026-02-17T01:04:49.274Z] [WARNING] Connection closed due to: 440
[2026-02-17T01:04:49.275Z] [WARNING] Connection replaced, waiting 10s before retry...
[2026-02-17T01:04:49.765Z] [WARNING] Reconnection attempt 1/50 in 5000ms...
[2026-02-17T01:04:50.626Z] [WARNING] Reconnection attempt 1/50 in 5000ms...
[2026-02-17T01:04:51.481Z] [WARNING] Connection closed due to: 440
[2026-02-17T01:04:51.485Z] [WARNING] Connection replaced, waiting 10s before retry...
[2026-02-17T01:04:53.701Z] [WARNING] Connection closed due to: 440
[2026-02-17T01:04:53.702Z] [WARNING] Connection replaced, waiting 10s before retry...
[2026-02-17T01:04:54.373Z] [WARNING] Reconnection attempt 1/50 in 5000ms...
[2026-02-17T01:04:55.067Z] [WARNING] Reconnection attempt 1/50 in 5000ms...
[2026-02-17T01:04:55.960Z] [WARNING] Connection closed due to: 440
[2026-02-17T01:04:55.962Z] [WARNING] Connection replaced, waiting 10s before retry...
[2026-02-17T01:04:56.902Z] [WARNING] Connection closed due to: 440
[2026-02-17T01:04:56.903Z] [WARNING] Connection replaced, waiting 10s before retry...
[2026-02-17T01:04:57.770Z] [WARNING] Reconnection attempt 1/50 in 5000ms...
[2026-02-17T01:04:59.276Z] [WARNING] Reconnection attempt 1/50 in 5000ms...
[2026-02-17T01:04:59.420Z] [WARNING] Connection closed due to: 428
[2026-02-17T01:04:59.420Z] [WARNING] Connection closed, reconnecting...
[2026-02-17T01:05:01.104Z] [WARNING] Connection closed due to: 440
[2026-02-17T01:05:01.105Z] [WARNING] Connection replaced, waiting 10s before retry...
[2026-02-17T01:05:01.417Z] [WARNING] Connection closed due to: 440
[2026-02-17T01:05:01.417Z] [WARNING] Connection replaced, waiting 10s before retry...
[2026-02-17T01:05:01.488Z] [WARNING] Reconnection attempt 1/50 in 5000ms...
[2026-02-17T01:05:03.704Z] [WARNING] Reconnection attempt 1/50 in 5000ms...
[2026-02-17T01:05:04.421Z] [WARNING] Reconnection attempt 2/50 in 10000ms...
[2026-02-17T01:05:05.053Z] [WARNING] Connection closed due to: 440
[2026-02-17T01:05:05.053Z] [WARNING] Connection replaced, waiting 10s before retry...
[2026-02-17T01:05:05.672Z] [WARNING] Connection closed due to: 440
[2026-02-17T01:05:05.672Z] [WARNING] Connection replaced, waiting 10s before retry...
[2026-02-17T01:05:05.964Z] [WARNING] Reconnection attempt 1/50 in 5000ms...
[2026-02-17T01:05:06.091Z] [WARNING] Connection closed due to: 440
[2026-02-17T01:05:06.092Z] [WARNING] Connection replaced, waiting 10s before retry...
[2026-02-17T01:05:06.906Z] [WARNING] Reconnection attempt 1/50 in 5000ms...
[2026-02-17T01:05:07.753Z] [WARNING] Connection closed due to: 440
[2026-02-17T01:05:07.753Z] [WARNING] Connection replaced, waiting 10s before retry...
[2026-02-17T01:05:09.836Z] [WARNING] Connection closed due to: 440
[2026-02-17T01:05:09.837Z] [WARNING] Connection replaced, waiting 10s before retry...
[2026-02-17T01:05:11.110Z] [WARNING] Reconnection attempt 1/50 in 5000ms...
[2026-02-17T01:05:11.420Z] [WARNING] Reconnection attempt 2/50 in 10000ms...
[2026-02-17T01:05:13.144Z] [WARNING] Connection closed due to: 440
[2026-02-17T01:05:13.144Z] [WARNING] Connection replaced, waiting 10s before retry...
[2026-02-17T01:05:13.532Z] [WARNING] Connection closed due to: 428
[2026-02-17T01:05:13.532Z] [WARNING] Connection closed, reconnecting...
[2026-02-17T01:05:15.054Z] [WARNING] Reconnection attempt 1/50 in 5000ms...
[2026-02-17T01:05:15.673Z] [WARNING] Connection closed due to: 440
[2026-02-17T01:05:15.673Z] [WARNING] Connection replaced, waiting 10s before retry...
[2026-02-17T01:05:15.673Z] [WARNING] Reconnection attempt 2/50 in 10000ms...
[2026-02-17T01:05:16.093Z] [WARNING] Reconnection attempt 1/50 in 5000ms...
[2026-02-17T01:05:17.273Z] [WARNING] Connection closed due to: 440
[2026-02-17T01:05:17.274Z] [WARNING] Connection replaced, waiting 10s before retry...
[2026-02-17T01:05:17.422Z] [WARNING] Connection closed due to: 440
[2026-02-17T01:05:17.423Z] [WARNING] Connection replaced, waiting 10s before retry...
[2026-02-17T01:05:17.763Z] [WARNING] Reconnection attempt 1/50 in 5000ms...
[2026-02-17T01:05:18.534Z] [WARNING] Reconnection attempt 2/50 in 10000ms...
[2026-02-17T01:05:19.841Z] [WARNING] Reconnection attempt 3/50 in 20000ms...
[2026-02-17T01:05:21.553Z] [WARNING] Connection closed due to: 440
[2026-02-17T01:05:21.553Z] [WARNING] Connection replaced, waiting 10s before retry...
[2026-02-17T01:05:22.468Z] [WARNING] Connection closed due to: 440
[2026-02-17T01:05:22.469Z] [WARNING] Connection replaced, waiting 10s before retry...
[2026-02-17T01:05:22.821Z] [WARNING] Connection closed due to: 440
[2026-02-17T01:05:22.821Z] [WARNING] Connection replaced, waiting 10s before retry...
[2026-02-17T01:05:23.151Z] [WARNING] Reconnection attempt 1/50 in 5000ms...
[2026-02-17T01:05:24.103Z] [WARNING] Connection closed due to: 440
[2026-02-17T01:05:24.104Z] [WARNING] Connection replaced, waiting 10s before retry...
[2026-02-17T01:05:25.674Z] [WARNING] Reconnection attempt 1/50 in 5000ms...
[2026-02-17T01:05:26.897Z] [WARNING] Connection closed due to: 440
[2026-02-17T01:05:26.899Z] [WARNING] Connection replaced, waiting 10s before retry...
[2026-02-17T01:05:27.275Z] [WARNING] Reconnection attempt 1/50 in 5000ms...
[2026-02-17T01:05:27.429Z] [WARNING] Reconnection attempt 2/50 in 10000ms...
[2026-02-17T01:05:29.718Z] [WARNING] Connection closed due to: 440
[2026-02-17T01:05:29.719Z] [WARNING] Connection replaced, waiting 10s before retry...
[2026-02-17T01:05:29.968Z] [WARNING] Connection closed due to: 428
[2026-02-17T01:05:29.968Z] [WARNING] Connection closed, reconnecting...
[2026-02-17T01:05:31.554Z] [WARNING] Reconnection attempt 1/50 in 5000ms...
[2026-02-17T01:05:32.470Z] [WARNING] Reconnection attempt 2/50 in 10000ms...
[2026-02-17T01:05:32.707Z] [WARNING] Connection closed due to: 440
[2026-02-17T01:05:32.708Z] [WARNING] Connection replaced, waiting 10s before retry...
[2026-02-17T01:05:32.822Z] [WARNING] Reconnection attempt 1/50 in 5000ms...
[2026-02-17T01:05:33.487Z] [WARNING] Connection closed due to: 408
[2026-02-17T01:05:33.488Z] [WARNING] Connection lost from server, reconnecting...
[2026-02-17T01:05:34.121Z] [WARNING] Reconnection attempt 1/50 in 5000ms...
[2026-02-17T01:05:34.971Z] [WARNING] Reconnection attempt 2/50 in 10000ms...
[2026-02-17T01:05:36.901Z] [WARNING] Reconnection attempt 1/50 in 5000ms...
[2026-02-17T01:05:37.967Z] [WARNING] Connection closed due to: 440
[2026-02-17T01:05:37.967Z] [WARNING] Connection replaced, waiting 10s before retry...
[2026-02-17T01:05:38.054Z] [WARNING] Connection closed due to: 440
[2026-02-17T01:05:38.054Z] [WARNING] Connection replaced, waiting 10s before retry...
[2026-02-17T01:05:38.527Z] [WARNING] Reconnection attempt 1/50 in 5000ms...
[2026-02-17T01:05:38.810Z] [WARNING] Connection closed due to: 428
[2026-02-17T01:05:38.810Z] [WARNING] Connection closed, reconnecting...
[2026-02-17T01:05:38.897Z] [WARNING] Connection closed due to: 440
[2026-02-17T01:05:38.898Z] [WARNING] Connection replaced, waiting 10s before retry...
[2026-02-17T01:05:39.729Z] [WARNING] Reconnection attempt 1/50 in 5000ms...
[2026-02-17T01:05:40.516Z] [WARNING] Connection closed due to: 440
[2026-02-17T01:05:40.517Z] [WARNING] Connection replaced, waiting 10s before retry...
[2026-02-17T01:05:41.351Z] [WARNING] Connection closed due to: 440
[2026-02-17T01:05:41.352Z] [WARNING] Connection replaced, waiting 10s before retry...
[2026-02-17T01:05:42.710Z] [WARNING] Reconnection attempt 1/50 in 5000ms...
[2026-02-17T01:05:43.230Z] [WARNING] Connection closed due to: 440
[2026-02-17T01:05:43.231Z] [WARNING] Connection replaced, waiting 10s before retry...
[2026-02-17T01:06:05.350Z] [WARNING] Connection closed due to: 405
[2026-02-17T01:06:05.351Z] [WARNING] Unknown disconnect reason: 405, attempting reconnection...
[2026-02-17T01:06:10.355Z] [WARNING] Reconnection attempt 1/50 in 5000ms...
[2026-02-17T01:06:18.063Z] [WARNING] Connection closed due to: 405
[2026-02-17T01:06:18.063Z] [WARNING] Unknown disconnect reason: 405, attempting reconnection...
[2026-02-17T01:06:23.069Z] [WARNING] Reconnection attempt 1/50 in 5000ms...
