[2026-02-16T21:15:57.330Z] [WARNING] Connection closed due to: 403
[2026-02-16T21:15:57.331Z] [WARNING] Unknown disconnect reason: 403, attempting reconnection...
[2026-02-16T21:16:02.333Z] [WARNING] Reconnection attempt 1/50 in 5000ms...
[2026-02-16T21:16:11.277Z] [WARNING] Connection closed due to: 403
[2026-02-16T21:16:11.278Z] [WARNING] Unknown disconnect reason: 403, attempting reconnection...
[2026-02-16T21:16:16.280Z] [WARNING] Reconnection attempt 1/50 in 5000ms...
[2026-02-16T21:16:25.486Z] [WARNING] Connection closed due to: 403
[2026-02-16T21:16:25.486Z] [WARNING] Unknown disconnect reason: 403, attempting reconnection...
[2026-02-16T21:16:30.490Z] [WARNING] Reconnection attempt 1/50 in 5000ms...
[2026-02-16T21:16:38.358Z] [WARNING] Connection closed due to: 403
[2026-02-16T21:16:38.359Z] [WARNING] Unknown disconnect reason: 403, attempting reconnection...
[2026-02-16T21:16:43.362Z] [WARNING] Reconnection attempt 1/50 in 5000ms...
[2026-02-16T21:16:52.305Z] [WARNING] Connection closed due to: 403
[2026-02-16T21:16:52.309Z] [WARNING] Unknown disconnect reason: 403, attempting reconnection...
[2026-02-16T21:23:56.908Z] [WARNING] Connection closed due to: 403
[2026-02-16T21:23:56.910Z] [WARNING] Unknown disconnect reason: 403, attempting reconnection...
[2026-02-16T21:24:01.914Z] [WARNING] Reconnection attempt 1/50 in 5000ms...
[2026-02-16T21:24:38.063Z] [WARNING] Connection closed due to: 403
[2026-02-16T21:24:38.064Z] [WARNING] Unknown disconnect reason: 403, attempting reconnection...
[2026-02-16T21:24:43.075Z] [WARNING] Reconnection attempt 1/50 in 5000ms...
[2026-02-16T21:24:52.367Z] [WARNING] Connection closed due to: 403
[2026-02-16T21:24:52.370Z] [WARNING] Unknown disconnect reason: 403, attempting reconnection...
[2026-02-16T21:24:57.373Z] [WARNING] Reconnection attempt 1/50 in 5000ms...
[2026-02-16T21:25:04.749Z] [WARNING] Connection closed due to: 403
[2026-02-16T21:25:04.752Z] [WARNING] Unknown disconnect reason: 403, attempting reconnection...
[2026-02-16T21:25:09.768Z] [WARNING] Reconnection attempt 1/50 in 5000ms...
[2026-02-16T21:25:18.469Z] [WARNING] Connection closed due to: 403
[2026-02-16T21:25:18.474Z] [WARNING] Unknown disconnect reason: 403, attempting reconnection...
[2026-02-16T21:25:23.487Z] [WARNING] Reconnection attempt 1/50 in 5000ms...
[2026-02-16T21:25:35.114Z] [WARNING] Connection closed due to: 403
[2026-02-16T21:25:35.116Z] [WARNING] Unknown disconnect reason: 403, attempting reconnection...
[2026-02-16T21:25:40.119Z] [WARNING] Reconnection attempt 1/50 in 5000ms...
[2026-02-16T21:25:51.105Z] [WARNING] Connection closed due to: 403
[2026-02-16T21:25:51.105Z] [WARNING] Unknown disconnect reason: 403, attempting reconnection...
[2026-02-16T21:25:56.109Z] [WARNING] Reconnection attempt 1/50 in 5000ms...
[2026-02-16T21:26:04.118Z] [WARNING] Connection closed due to: 403
[2026-02-16T21:26:04.119Z] [WARNING] Unknown disconnect reason: 403, attempting reconnection...
[2026-02-16T21:26:09.121Z] [WARNING] Reconnection attempt 1/50 in 5000ms...
[2026-02-16T21:26:15.709Z] [WARNING] Connection closed due to: 403
[2026-02-16T21:26:15.709Z] [WARNING] Unknown disconnect reason: 403, attempting reconnection...
[2026-02-16T21:26:20.711Z] [WARNING] Reconnection attempt 1/50 in 5000ms...
[2026-02-16T21:26:30.385Z] [WARNING] Connection closed due to: 403
[2026-02-16T21:26:30.393Z] [WARNING] Unknown disconnect reason: 403, attempting reconnection...
[2026-02-16T21:26:35.397Z] [WARNING] Reconnection attempt 1/50 in 5000ms...
[2026-02-16T21:26:42.699Z] [WARNING] Connection closed due to: 403
[2026-02-16T21:26:42.700Z] [WARNING] Unknown disconnect reason: 403, attempting reconnection...
[2026-02-16T21:26:47.707Z] [WARNING] Reconnection attempt 1/50 in 5000ms...
[2026-02-16T21:26:59.127Z] [WARNING] Connection closed due to: 403
[2026-02-16T21:26:59.129Z] [WARNING] Unknown disconnect reason: 403, attempting reconnection...
[2026-02-16T21:27:04.139Z] [WARNING] Reconnection attempt 1/50 in 5000ms...
[2026-02-16T21:27:14.061Z] [WARNING] Connection closed due to: 403
[2026-02-16T21:27:14.069Z] [WARNING] Unknown disconnect reason: 403, attempting reconnection...
[2026-02-16T21:27:19.074Z] [WARNING] Reconnection attempt 1/50 in 5000ms...
[2026-02-16T21:27:29.586Z] [WARNING] Connection closed due to: 403
[2026-02-16T21:27:29.621Z] [WARNING] Unknown disconnect reason: 403, attempting reconnection...
[2026-02-16T21:27:34.651Z] [WARNING] Reconnection attempt 1/50 in 5000ms...
[2026-02-16T21:27:42.474Z] [WARNING] Connection closed due to: 403
[2026-02-16T21:27:42.474Z] [WARNING] Unknown disconnect reason: 403, attempting reconnection...
[2026-02-16T21:27:47.495Z] [WARNING] Reconnection attempt 1/50 in 5000ms...
[2026-02-16T21:27:55.065Z] [WARNING] Connection closed due to: 403
[2026-02-16T21:27:55.066Z] [WARNING] Unknown disconnect reason: 403, attempting reconnection...
[2026-02-16T21:28:00.069Z] [WARNING] Reconnection attempt 1/50 in 5000ms...
[2026-02-16T21:28:08.447Z] [WARNING] Connection closed due to: 403
[2026-02-16T21:28:08.457Z] [WARNING] Unknown disconnect reason: 403, attempting reconnection...
[2026-02-16T21:28:13.483Z] [WARNING] Reconnection attempt 1/50 in 5000ms...
[2026-02-16T21:28:21.390Z] [WARNING] Connection closed due to: 403
[2026-02-16T21:28:21.404Z] [WARNING] Unknown disconnect reason: 403, attempting reconnection...
[2026-02-16T21:28:26.416Z] [WARNING] Reconnection attempt 1/50 in 5000ms...
[2026-02-16T21:28:34.123Z] [WARNING] Connection closed due to: 403
[2026-02-16T21:28:34.145Z] [WARNING] Unknown disconnect reason: 403, attempting reconnection...
[2026-02-16T21:28:39.157Z] [WARNING] Reconnection attempt 1/50 in 5000ms...
[2026-02-16T21:28:50.468Z] [WARNING] Connection closed due to: 403
[2026-02-16T21:28:50.475Z] [WARNING] Unknown disconnect reason: 403, attempting reconnection...
[2026-02-16T21:28:55.481Z] [WARNING] Reconnection attempt 1/50 in 5000ms...
[2026-02-16T21:29:02.075Z] [WARNING] Connection closed due to: 403
[2026-02-16T21:29:02.077Z] [WARNING] Unknown disconnect reason: 403, attempting reconnection...
[2026-02-16T21:29:07.080Z] [WARNING] Reconnection attempt 1/50 in 5000ms...
[2026-02-16T21:29:17.880Z] [WARNING] Connection closed due to: 403
[2026-02-16T21:29:17.881Z] [WARNING] Unknown disconnect reason: 403, attempting reconnection...
[2026-02-16T21:29:22.885Z] [WARNING] Reconnection attempt 1/50 in 5000ms...
[2026-02-16T21:29:30.150Z] [WARNING] Connection closed due to: 403
[2026-02-16T21:29:30.151Z] [WARNING] Unknown disconnect reason: 403, attempting reconnection...
[2026-02-16T21:29:35.155Z] [WARNING] Reconnection attempt 1/50 in 5000ms...
[2026-02-16T21:29:41.909Z] [WARNING] Connection closed due to: 403
[2026-02-16T21:29:41.914Z] [WARNING] Unknown disconnect reason: 403, attempting reconnection...
[2026-02-16T21:29:46.916Z] [WARNING] Reconnection attempt 1/50 in 5000ms...
[2026-02-16T21:29:54.399Z] [WARNING] Connection closed due to: 403
[2026-02-16T21:29:54.421Z] [WARNING] Unknown disconnect reason: 403, attempting reconnection...
[2026-02-16T21:29:59.426Z] [WARNING] Reconnection attempt 1/50 in 5000ms...
[2026-02-16T21:30:08.589Z] [WARNING] Connection closed due to: 403
[2026-02-16T21:30:08.596Z] [WARNING] Unknown disconnect reason: 403, attempting reconnection...
[2026-02-16T21:30:13.604Z] [WARNING] Reconnection attempt 1/50 in 5000ms...
[2026-02-16T21:30:20.959Z] [WARNING] Connection closed due to: 403
[2026-02-16T21:30:20.960Z] [WARNING] Unknown disconnect reason: 403, attempting reconnection...
[2026-02-16T21:30:25.961Z] [WARNING] Reconnection attempt 1/50 in 5000ms...
[2026-02-16T21:30:32.883Z] [WARNING] Connection closed due to: 403
[2026-02-16T21:30:32.883Z] [WARNING] Unknown disconnect reason: 403, attempting reconnection...
[2026-02-16T21:30:37.885Z] [WARNING] Reconnection attempt 1/50 in 5000ms...
[2026-02-16T21:30:46.753Z] [WARNING] Connection closed due to: 403
[2026-02-16T21:30:46.753Z] [WARNING] Unknown disconnect reason: 403, attempting reconnection...
[2026-02-16T21:30:51.760Z] [WARNING] Reconnection attempt 1/50 in 5000ms...
[2026-02-16T21:31:01.095Z] [WARNING] Connection closed due to: 403
[2026-02-16T21:31:01.098Z] [WARNING] Unknown disconnect reason: 403, attempting reconnection...
[2026-02-16T21:31:06.103Z] [WARNING] Reconnection attempt 1/50 in 5000ms...
[2026-02-16T21:31:16.062Z] [WARNING] Connection closed due to: 403
[2026-02-16T21:31:16.063Z] [WARNING] Unknown disconnect reason: 403, attempting reconnection...
[2026-02-16T21:31:21.065Z] [WARNING] Reconnection attempt 1/50 in 5000ms...
[2026-02-16T21:31:30.978Z] [WARNING] Connection closed due to: 403
[2026-02-16T21:31:30.979Z] [WARNING] Unknown disconnect reason: 403, attempting reconnection...
[2026-02-16T21:31:35.982Z] [WARNING] Reconnection attempt 1/50 in 5000ms...
[2026-02-16T21:31:44.944Z] [WARNING] Connection closed due to: 403
[2026-02-16T21:31:44.945Z] [WARNING] Unknown disconnect reason: 403, attempting reconnection...
[2026-02-16T21:31:49.946Z] [WARNING] Reconnection attempt 1/50 in 5000ms...
[2026-02-16T21:31:58.420Z] [WARNING] Connection closed due to: 403
[2026-02-16T21:31:58.420Z] [WARNING] Unknown disconnect reason: 403, attempting reconnection...
[2026-02-16T21:32:03.424Z] [WARNING] Reconnection attempt 1/50 in 5000ms...
[2026-02-16T21:32:14.205Z] [WARNING] Connection closed due to: 403
[2026-02-16T21:32:14.205Z] [WARNING] Unknown disconnect reason: 403, attempting reconnection...
[2026-02-16T21:32:19.210Z] [WARNING] Reconnection attempt 1/50 in 5000ms...
[2026-02-16T21:32:30.447Z] [WARNING] Connection closed due to: 403
[2026-02-16T21:32:30.447Z] [WARNING] Unknown disconnect reason: 403, attempting reconnection...
[2026-02-16T21:32:35.449Z] [WARNING] Reconnection attempt 1/50 in 5000ms...
[2026-02-16T21:32:44.399Z] [WARNING] Connection closed due to: 403
[2026-02-16T21:32:44.399Z] [WARNING] Unknown disconnect reason: 403, attempting reconnection...
[2026-02-16T21:32:49.401Z] [WARNING] Reconnection attempt 1/50 in 5000ms...
[2026-02-16T21:32:57.234Z] [WARNING] Connection closed due to: 403
[2026-02-16T21:32:57.234Z] [WARNING] Unknown disconnect reason: 403, attempting reconnection...
[2026-02-16T21:33:02.237Z] [WARNING] Reconnection attempt 1/50 in 5000ms...
[2026-02-16T21:33:12.815Z] [WARNING] Connection closed due to: 403
[2026-02-16T21:33:12.815Z] [WARNING] Unknown disconnect reason: 403, attempting reconnection...
[2026-02-16T21:33:17.817Z] [WARNING] Reconnection attempt 1/50 in 5000ms...
[2026-02-16T21:33:25.782Z] [WARNING] Connection closed due to: 403
[2026-02-16T21:33:25.782Z] [WARNING] Unknown disconnect reason: 403, attempting reconnection...
[2026-02-16T21:33:30.785Z] [WARNING] Reconnection attempt 1/50 in 5000ms...
[2026-02-16T21:33:37.276Z] [WARNING] Connection closed due to: 403
[2026-02-16T21:33:37.276Z] [WARNING] Unknown disconnect reason: 403, attempting reconnection...
[2026-02-16T21:33:42.277Z] [WARNING] Reconnection attempt 1/50 in 5000ms...
[2026-02-16T21:33:49.633Z] [WARNING] Connection closed due to: 403
[2026-02-16T21:33:49.633Z] [WARNING] Unknown disconnect reason: 403, attempting reconnection...
[2026-02-16T21:33:54.633Z] [WARNING] Reconnection attempt 1/50 in 5000ms...
[2026-02-16T21:34:03.194Z] [WARNING] Connection closed due to: 403
[2026-02-16T21:34:03.194Z] [WARNING] Unknown disconnect reason: 403, attempting reconnection...
[2026-02-16T21:34:08.197Z] [WARNING] Reconnection attempt 1/50 in 5000ms...
[2026-02-16T21:34:18.305Z] [WARNING] Connection closed due to: 403
[2026-02-16T21:34:18.305Z] [WARNING] Unknown disconnect reason: 403, attempting reconnection...
[2026-02-16T21:34:23.309Z] [WARNING] Reconnection attempt 1/50 in 5000ms...
[2026-02-16T21:34:32.963Z] [WARNING] Connection closed due to: 403
[2026-02-16T21:34:32.963Z] [WARNING] Unknown disconnect reason: 403, attempting reconnection...
[2026-02-16T21:34:37.964Z] [WARNING] Reconnection attempt 1/50 in 5000ms...
[2026-02-16T21:34:47.111Z] [WARNING] Connection closed due to: 403
[2026-02-16T21:34:47.113Z] [WARNING] Unknown disconnect reason: 403, attempting reconnection...
[2026-02-16T21:34:52.117Z] [WARNING] Reconnection attempt 1/50 in 5000ms...
[2026-02-16T21:35:03.175Z] [WARNING] Connection closed due to: 403
[2026-02-16T21:35:03.175Z] [WARNING] Unknown disconnect reason: 403, attempting reconnection...
[2026-02-16T21:35:08.179Z] [WARNING] Reconnection attempt 1/50 in 5000ms...
[2026-02-16T21:35:18.931Z] [WARNING] Connection closed due to: 403
[2026-02-16T21:35:18.931Z] [WARNING] Unknown disconnect reason: 403, attempting reconnection...
[2026-02-16T21:35:23.933Z] [WARNING] Reconnection attempt 1/50 in 5000ms...
[2026-02-16T21:35:30.365Z] [WARNING] Connection closed due to: 403
[2026-02-16T21:35:30.365Z] [WARNING] Unknown disconnect reason: 403, attempting reconnection...
[2026-02-16T21:35:35.367Z] [WARNING] Reconnection attempt 1/50 in 5000ms...
[2026-02-16T21:35:42.129Z] [WARNING] Connection closed due to: 403
[2026-02-16T21:35:42.129Z] [WARNING] Unknown disconnect reason: 403, attempting reconnection...
[2026-02-16T21:35:47.132Z] [WARNING] Reconnection attempt 1/50 in 5000ms...
[2026-02-16T21:35:56.669Z] [WARNING] Connection closed due to: 403
[2026-02-16T21:35:56.669Z] [WARNING] Unknown disconnect reason: 403, attempting reconnection...
[2026-02-16T21:36:01.672Z] [WARNING] Reconnection attempt 1/50 in 5000ms...
[2026-02-16T21:36:12.538Z] [WARNING] Connection closed due to: 403
[2026-02-16T21:36:12.538Z] [WARNING] Unknown disconnect reason: 403, attempting reconnection...
[2026-02-16T21:36:17.541Z] [WARNING] Reconnection attempt 1/50 in 5000ms...
[2026-02-16T21:36:27.022Z] [WARNING] Connection closed due to: 403
[2026-02-16T21:36:27.022Z] [WARNING] Unknown disconnect reason: 403, attempting reconnection...
[2026-02-16T21:36:32.023Z] [WARNING] Reconnection attempt 1/50 in 5000ms...
[2026-02-16T21:36:38.969Z] [WARNING] Connection closed due to: 403
[2026-02-16T21:36:38.969Z] [WARNING] Unknown disconnect reason: 403, attempting reconnection...
[2026-02-16T21:36:43.970Z] [WARNING] Reconnection attempt 1/50 in 5000ms...
[2026-02-16T21:36:50.998Z] [WARNING] Connection closed due to: 403
[2026-02-16T21:36:50.999Z] [WARNING] Unknown disconnect reason: 403, attempting reconnection...
[2026-02-16T21:36:56.001Z] [WARNING] Reconnection attempt 1/50 in 5000ms...
[2026-02-16T21:37:03.185Z] [WARNING] Connection closed due to: 403
[2026-02-16T21:37:03.186Z] [WARNING] Unknown disconnect reason: 403, attempting reconnection...
[2026-02-16T21:37:08.186Z] [WARNING] Reconnection attempt 1/50 in 5000ms...
[2026-02-16T21:37:18.412Z] [WARNING] Connection closed due to: 403
[2026-02-16T21:37:18.412Z] [WARNING] Unknown disconnect reason: 403, attempting reconnection...
[2026-02-16T21:37:23.414Z] [WARNING] Reconnection attempt 1/50 in 5000ms...
[2026-02-16T21:37:31.489Z] [WARNING] Connection closed due to: 403
[2026-02-16T21:37:31.489Z] [WARNING] Unknown disconnect reason: 403, attempting reconnection...
[2026-02-16T21:37:36.493Z] [WARNING] Reconnection attempt 1/50 in 5000ms...
[2026-02-16T21:37:45.278Z] [WARNING] Connection closed due to: 403
[2026-02-16T21:37:45.279Z] [WARNING] Unknown disconnect reason: 403, attempting reconnection...
[2026-02-16T21:37:50.281Z] [WARNING] Reconnection attempt 1/50 in 5000ms...
[2026-02-16T21:38:00.736Z] [WARNING] Connection closed due to: 403
[2026-02-16T21:38:00.737Z] [WARNING] Unknown disconnect reason: 403, attempting reconnection...
[2026-02-16T21:38:05.738Z] [WARNING] Reconnection attempt 1/50 in 5000ms...
[2026-02-16T21:38:14.951Z] [WARNING] Connection closed due to: 403
[2026-02-16T21:38:14.951Z] [WARNING] Unknown disconnect reason: 403, attempting reconnection...
[2026-02-16T21:38:19.953Z] [WARNING] Reconnection attempt 1/50 in 5000ms...
[2026-02-16T21:38:28.673Z] [WARNING] Connection closed due to: 403
[2026-02-16T21:38:28.673Z] [WARNING] Unknown disconnect reason: 403, attempting reconnection...
[2026-02-16T21:38:33.673Z] [WARNING] Reconnection attempt 1/50 in 5000ms...
[2026-02-16T21:38:44.340Z] [WARNING] Connection closed due to: 403
[2026-02-16T21:38:44.341Z] [WARNING] Unknown disconnect reason: 403, attempting reconnection...
[2026-02-16T21:38:49.345Z] [WARNING] Reconnection attempt 1/50 in 5000ms...
[2026-02-16T21:38:58.182Z] [WARNING] Connection closed due to: 403
[2026-02-16T21:38:58.185Z] [WARNING] Unknown disconnect reason: 403, attempting reconnection...
[2026-02-16T21:39:03.188Z] [WARNING] Reconnection attempt 1/50 in 5000ms...
[2026-02-16T21:39:11.124Z] [WARNING] Connection closed due to: 403
[2026-02-16T21:39:11.127Z] [WARNING] Unknown disconnect reason: 403, attempting reconnection...
[2026-02-16T21:39:16.129Z] [WARNING] Reconnection attempt 1/50 in 5000ms...
[2026-02-16T21:39:25.874Z] [WARNING] Connection closed due to: 403
[2026-02-16T21:39:25.874Z] [WARNING] Unknown disconnect reason: 403, attempting reconnection...
[2026-02-16T21:39:30.877Z] [WARNING] Reconnection attempt 1/50 in 5000ms...
[2026-02-16T21:39:41.279Z] [WARNING] Connection closed due to: 403
[2026-02-16T21:39:41.281Z] [WARNING] Unknown disconnect reason: 403, attempting reconnection...
[2026-02-16T21:39:46.285Z] [WARNING] Reconnection attempt 1/50 in 5000ms...
[2026-02-16T21:39:55.889Z] [WARNING] Connection closed due to: 403
[2026-02-16T21:39:55.890Z] [WARNING] Unknown disconnect reason: 403, attempting reconnection...
[2026-02-16T21:40:00.897Z] [WARNING] Reconnection attempt 1/50 in 5000ms...
[2026-02-16T21:40:09.424Z] [WARNING] Connection closed due to: 403
[2026-02-16T21:40:09.425Z] [WARNING] Unknown disconnect reason: 403, attempting reconnection...
[2026-02-16T21:40:14.430Z] [WARNING] Reconnection attempt 1/50 in 5000ms...
[2026-02-16T21:40:22.834Z] [WARNING] Connection closed due to: 403
[2026-02-16T21:40:22.836Z] [WARNING] Unknown disconnect reason: 403, attempting reconnection...
[2026-02-16T21:40:27.841Z] [WARNING] Reconnection attempt 1/50 in 5000ms...
[2026-02-16T21:40:37.628Z] [WARNING] Connection closed due to: 403
[2026-02-16T21:40:37.631Z] [WARNING] Unknown disconnect reason: 403, attempting reconnection...
[2026-02-16T21:40:42.634Z] [WARNING] Reconnection attempt 1/50 in 5000ms...
[2026-02-16T21:40:50.406Z] [WARNING] Connection closed due to: 403
[2026-02-16T21:40:50.406Z] [WARNING] Unknown disconnect reason: 403, attempting reconnection...
[2026-02-16T21:40:55.407Z] [WARNING] Reconnection attempt 1/50 in 5000ms...
[2026-02-16T21:41:04.872Z] [WARNING] Connection closed due to: 403
[2026-02-16T21:41:04.872Z] [WARNING] Unknown disconnect reason: 403, attempting reconnection...
[2026-02-16T21:41:09.873Z] [WARNING] Reconnection attempt 1/50 in 5000ms...
[2026-02-16T21:41:17.426Z] [WARNING] Connection closed due to: 403
[2026-02-16T21:41:17.426Z] [WARNING] Unknown disconnect reason: 403, attempting reconnection...
[2026-02-16T21:41:22.430Z] [WARNING] Reconnection attempt 1/50 in 5000ms...
[2026-02-16T21:41:30.969Z] [WARNING] Connection closed due to: 403
[2026-02-16T21:41:30.969Z] [WARNING] Unknown disconnect reason: 403, attempting reconnection...
[2026-02-16T21:41:35.977Z] [WARNING] Reconnection attempt 1/50 in 5000ms...
[2026-02-16T21:41:43.382Z] [WARNING] Connection closed due to: 403
[2026-02-16T21:41:43.382Z] [WARNING] Unknown disconnect reason: 403, attempting reconnection...
[2026-02-16T21:41:48.384Z] [WARNING] Reconnection attempt 1/50 in 5000ms...
[2026-02-16T21:41:54.683Z] [WARNING] Connection closed due to: 440
[2026-02-16T21:41:54.683Z] [WARNING] Connection replaced, waiting 10s before retry...
[2026-02-16T21:42:04.684Z] [WARNING] Reconnection attempt 1/50 in 5000ms...
[2026-02-16T21:42:11.029Z] [WARNING] Connection closed due to: 440
[2026-02-16T21:42:11.029Z] [WARNING] Connection replaced, waiting 10s before retry...
[2026-02-16T21:42:21.031Z] [WARNING] Reconnection attempt 1/50 in 5000ms...
[2026-02-16T21:42:29.401Z] [WARNING] Connection closed due to: 403
[2026-02-16T21:42:29.401Z] [WARNING] Unknown disconnect reason: 403, attempting reconnection...
[2026-02-16T21:42:34.405Z] [WARNING] Reconnection attempt 1/50 in 5000ms...
[2026-02-16T21:42:43.893Z] [WARNING] Connection closed due to: 403
[2026-02-16T21:42:43.893Z] [WARNING] Unknown disconnect reason: 403, attempting reconnection...
[2026-02-16T21:42:48.901Z] [WARNING] Reconnection attempt 1/50 in 5000ms...
[2026-02-16T21:42:55.512Z] [WARNING] Connection closed due to: 403
[2026-02-16T21:42:55.512Z] [WARNING] Unknown disconnect reason: 403, attempting reconnection...
[2026-02-16T21:43:00.513Z] [WARNING] Reconnection attempt 1/50 in 5000ms...
[2026-02-16T21:43:10.059Z] [WARNING] Connection closed due to: 403
[2026-02-16T21:43:10.059Z] [WARNING] Unknown disconnect reason: 403, attempting reconnection...
[2026-02-16T21:43:15.061Z] [WARNING] Reconnection attempt 1/50 in 5000ms...
[2026-02-16T21:43:24.606Z] [WARNING] Connection closed due to: 403
[2026-02-16T21:43:24.607Z] [WARNING] Unknown disconnect reason: 403, attempting reconnection...
[2026-02-16T21:43:29.610Z] [WARNING] Reconnection attempt 1/50 in 5000ms...
[2026-02-16T21:43:38.855Z] [WARNING] Connection closed due to: 403
[2026-02-16T21:43:38.856Z] [WARNING] Unknown disconnect reason: 403, attempting reconnection...
[2026-02-16T21:43:43.857Z] [WARNING] Reconnection attempt 1/50 in 5000ms...
[2026-02-16T21:43:53.823Z] [WARNING] Connection closed due to: 403
[2026-02-16T21:43:53.823Z] [WARNING] Unknown disconnect reason: 403, attempting reconnection...
[2026-02-16T21:43:58.825Z] [WARNING] Reconnection attempt 1/50 in 5000ms...
[2026-02-16T21:44:05.307Z] [WARNING] Connection closed due to: 403
[2026-02-16T21:44:05.308Z] [WARNING] Unknown disconnect reason: 403, attempting reconnection...
[2026-02-16T21:44:10.308Z] [WARNING] Reconnection attempt 1/50 in 5000ms...
[2026-02-16T21:44:18.767Z] [WARNING] Connection closed due to: 403
[2026-02-16T21:44:18.768Z] [WARNING] Unknown disconnect reason: 403, attempting reconnection...
[2026-02-16T21:44:23.769Z] [WARNING] Reconnection attempt 1/50 in 5000ms...
[2026-02-16T21:44:33.046Z] [WARNING] Connection closed due to: 403
[2026-02-16T21:44:33.047Z] [WARNING] Unknown disconnect reason: 403, attempting reconnection...
[2026-02-16T21:44:38.049Z] [WARNING] Reconnection attempt 1/50 in 5000ms...
[2026-02-16T21:44:48.920Z] [WARNING] Connection closed due to: 403
[2026-02-16T21:44:48.920Z] [WARNING] Unknown disconnect reason: 403, attempting reconnection...
[2026-02-16T21:44:53.921Z] [WARNING] Reconnection attempt 1/50 in 5000ms...
[2026-02-16T21:45:04.288Z] [WARNING] Connection closed due to: 403
[2026-02-16T21:45:04.290Z] [WARNING] Unknown disconnect reason: 403, attempting reconnection...
[2026-02-16T21:45:09.293Z] [WARNING] Reconnection attempt 1/50 in 5000ms...
[2026-02-16T21:45:18.526Z] [WARNING] Connection closed due to: 403
[2026-02-16T21:45:18.526Z] [WARNING] Unknown disconnect reason: 403, attempting reconnection...
[2026-02-16T21:45:23.529Z] [WARNING] Reconnection attempt 1/50 in 5000ms...
[2026-02-16T21:45:30.541Z] [WARNING] Connection closed due to: 403
[2026-02-16T21:45:30.541Z] [WARNING] Unknown disconnect reason: 403, attempting reconnection...
[2026-02-16T21:45:35.543Z] [WARNING] Reconnection attempt 1/50 in 5000ms...
[2026-02-16T21:45:44.332Z] [WARNING] Connection closed due to: 403
[2026-02-16T21:45:44.333Z] [WARNING] Unknown disconnect reason: 403, attempting reconnection...
[2026-02-16T21:45:49.337Z] [WARNING] Reconnection attempt 1/50 in 5000ms...
[2026-02-16T21:46:00.465Z] [WARNING] Connection closed due to: 403
[2026-02-16T21:46:00.465Z] [WARNING] Unknown disconnect reason: 403, attempting reconnection...
[2026-02-16T21:46:05.469Z] [WARNING] Reconnection attempt 1/50 in 5000ms...
[2026-02-16T21:46:15.387Z] [WARNING] Connection closed due to: 403
[2026-02-16T21:46:15.387Z] [WARNING] Unknown disconnect reason: 403, attempting reconnection...
[2026-02-16T21:46:20.391Z] [WARNING] Reconnection attempt 1/50 in 5000ms...
[2026-02-16T21:46:30.111Z] [WARNING] Connection closed due to: 403
[2026-02-16T21:46:30.112Z] [WARNING] Unknown disconnect reason: 403, attempting reconnection...
[2026-02-16T21:46:35.113Z] [WARNING] Reconnection attempt 1/50 in 5000ms...
[2026-02-16T21:46:44.719Z] [WARNING] Connection closed due to: 403
[2026-02-16T21:46:44.719Z] [WARNING] Unknown disconnect reason: 403, attempting reconnection...
[2026-02-16T21:46:49.721Z] [WARNING] Reconnection attempt 1/50 in 5000ms...
[2026-02-16T21:46:57.363Z] [WARNING] Connection closed due to: 403
[2026-02-16T21:46:57.364Z] [WARNING] Unknown disconnect reason: 403, attempting reconnection...
[2026-02-16T21:47:02.365Z] [WARNING] Reconnection attempt 1/50 in 5000ms...
[2026-02-16T21:47:09.510Z] [WARNING] Connection closed due to: 440
[2026-02-16T21:47:09.512Z] [WARNING] Connection replaced, waiting 10s before retry...
[2026-02-16T21:47:19.513Z] [WARNING] Reconnection attempt 1/50 in 5000ms...
[2026-02-16T21:47:29.636Z] [WARNING] Connection closed due to: 403
[2026-02-16T21:47:29.636Z] [WARNING] Unknown disconnect reason: 403, attempting reconnection...
[2026-02-16T21:47:34.641Z] [WARNING] Reconnection attempt 1/50 in 5000ms...
[2026-02-16T21:47:45.190Z] [WARNING] Connection closed due to: 403
[2026-02-16T21:47:45.191Z] [WARNING] Unknown disconnect reason: 403, attempting reconnection...
[2026-02-16T21:47:50.195Z] [WARNING] Reconnection attempt 1/50 in 5000ms...
[2026-02-16T21:47:58.848Z] [WARNING] Connection closed due to: 403
[2026-02-16T21:47:58.848Z] [WARNING] Unknown disconnect reason: 403, attempting reconnection...
[2026-02-16T21:48:03.849Z] [WARNING] Reconnection attempt 1/50 in 5000ms...
[2026-02-16T21:48:18.952Z] [WARNING] Connection closed due to: 403
[2026-02-16T21:48:18.952Z] [WARNING] Unknown disconnect reason: 403, attempting reconnection...
[2026-02-16T21:48:23.957Z] [WARNING] Reconnection attempt 1/50 in 5000ms...
[2026-02-16T21:48:30.437Z] [WARNING] Connection closed due to: 403
[2026-02-16T21:48:30.437Z] [WARNING] Unknown disconnect reason: 403, attempting reconnection...
[2026-02-16T21:48:35.439Z] [WARNING] Reconnection attempt 1/50 in 5000ms...
[2026-02-16T21:48:45.773Z] [WARNING] Connection closed due to: 403
[2026-02-16T21:48:45.773Z] [WARNING] Unknown disconnect reason: 403, attempting reconnection...
[2026-02-16T21:48:50.778Z] [WARNING] Reconnection attempt 1/50 in 5000ms...
[2026-02-16T21:49:01.322Z] [WARNING] Connection closed due to: 403
[2026-02-16T21:49:01.322Z] [WARNING] Unknown disconnect reason: 403, attempting reconnection...
[2026-02-16T21:49:06.325Z] [WARNING] Reconnection attempt 1/50 in 5000ms...
[2026-02-16T21:49:16.744Z] [WARNING] Connection closed due to: 403
[2026-02-16T21:49:16.745Z] [WARNING] Unknown disconnect reason: 403, attempting reconnection...
[2026-02-16T21:49:21.745Z] [WARNING] Reconnection attempt 1/50 in 5000ms...
[2026-02-16T21:49:32.826Z] [WARNING] Connection closed due to: 403
[2026-02-16T21:49:32.826Z] [WARNING] Unknown disconnect reason: 403, attempting reconnection...
[2026-02-16T21:49:37.828Z] [WARNING] Reconnection attempt 1/50 in 5000ms...
[2026-02-16T21:49:46.231Z] [WARNING] Connection closed due to: 403
[2026-02-16T21:49:46.231Z] [WARNING] Unknown disconnect reason: 403, attempting reconnection...
[2026-02-16T21:49:51.234Z] [WARNING] Reconnection attempt 1/50 in 5000ms...
[2026-02-16T21:49:58.197Z] [WARNING] Connection closed due to: 403
[2026-02-16T21:49:58.197Z] [WARNING] Unknown disconnect reason: 403, attempting reconnection...
[2026-02-16T21:50:03.199Z] [WARNING] Reconnection attempt 1/50 in 5000ms...
[2026-02-16T21:50:11.257Z] [WARNING] Connection closed due to: 403
[2026-02-16T21:50:11.257Z] [WARNING] Unknown disconnect reason: 403, attempting reconnection...
[2026-02-16T21:50:16.259Z] [WARNING] Reconnection attempt 1/50 in 5000ms...
[2026-02-16T21:50:26.956Z] [WARNING] Connection closed due to: 403
[2026-02-16T21:50:26.957Z] [WARNING] Unknown disconnect reason: 403, attempting reconnection...
[2026-02-16T21:50:31.957Z] [WARNING] Reconnection attempt 1/50 in 5000ms...
[2026-02-16T21:50:40.270Z] [WARNING] Connection closed due to: 408
[2026-02-16T21:50:40.270Z] [WARNING] Connection lost from server, reconnecting...
[2026-02-16T21:50:45.271Z] [WARNING] Reconnection attempt 1/50 in 5000ms...
[2026-02-16T21:50:52.383Z] [WARNING] Connection closed due to: 403
[2026-02-16T21:50:52.383Z] [WARNING] Unknown disconnect reason: 403, attempting reconnection...
[2026-02-16T21:50:57.383Z] [WARNING] Reconnection attempt 1/50 in 5000ms...
[2026-02-16T21:51:03.732Z] [WARNING] Connection closed due to: 403
[2026-02-16T21:51:03.732Z] [WARNING] Unknown disconnect reason: 403, attempting reconnection...
